#
# A fatal error has been detected by the Java Runtime Environment:
#
#  EXCEPTION_ACCESS_VIOLATION (0xc0000005) at pc=0x5f84b34e, pid=8524, tid=0x00000b2c
#
# JRE version: Java(TM) SE Runtime Environment (8.0_171-b11) (build 1.8.0_171-b11)
# Java VM: Java HotSpot(TM) Client VM (25.171-b11 mixed mode, sharing windows-x86 )
# Problematic frame:
# V  [jvm.dll+0xdb34e]
#
# Failed to write core dump. Minidumps are not enabled by default on client versions of Windows
#
# If you would like to submit a bug report, please visit:
#   http://bugreport.java.com/bugreport/crash.jsp
#

---------------  T H R E A D  ---------------

Current thread (0x15af8c00):  JavaThread "AWT-EventQueue-0" [_thread_in_vm, id=2860, stack(0x16a50000,0x16aa0000)]

siginfo: ExceptionCode=0xc0000005, reading address 0x00000000

Registers:
EAX=0x00000000, EBX=0x00000000, ECX=0x00000000, EDX=0x00000000
ESP=0x16a9d858, EBP=0x16a9d888, ESI=0x152dc180, EDI=0x15af8c00
EIP=0x5f84b34e, EFLAGS=0x00210246

Top of Stack: (sp=0x16a9d858)
0x16a9d858:   15af8c00 152dc180 152dc180 16a9d88c
0x16a9d868:   5f7f13c0 15af8c00 00000006 00000008
0x16a9d878:   15af8c00 00000000 152dc180 152dc180
0x16a9d888:   16a9d8cc 512eb336 15af8c00 00000000
0x16a9d898:   00000000 02f3daf1 15af8d40 16a9d8d4
0x16a9d8a8:   00000000 16a9d8ac 152dc180 16a9d8dc
0x16a9d8b8:   152ddc98 00000000 152dc180 00000000
0x16a9d8c8:   16a9d8dc 16a9d900 02f344f0 0517b450 

Instructions: (pc=0x5f84b34e)
0x5f84b32e:   e8 ad c0 f2 ff 33 db 83 c4 08 89 7d f0 89 5d f4
0x5f84b33e:   39 5f 04 74 08 8d 4d f0 e8 05 e0 0c 00 8b 45 0c
0x5f84b34e:   8b 30 8b 0d 48 b4 ae 5f 39 1c 31 74 45 56 e8 0f
0x5f84b35e:   9c f6 ff 83 c4 04 6a 00 6a 00 8d 4d dc 8d 78 01 


Register to memory mapping:

EAX=0x00000000 is an unknown value
EBX=0x00000000 is an unknown value
ECX=0x00000000 is an unknown value
EDX=0x00000000 is an unknown value
ESP=0x16a9d858 is pointing into the stack for thread: 0x15af8c00
EBP=0x16a9d888 is pointing into the stack for thread: 0x15af8c00
ESI={method} {0x152dc184} 'ProgramaOperador' '(Ljava/lang/String;)I' in 'bemajava/Bematech'
EDI=0x15af8c00 is a thread


Stack: [0x16a50000,0x16aa0000],  sp=0x16a9d858,  free space=310k
Native frames: (J=compiled Java code, j=interpreted, Vv=VM code, C=native code)
V  [jvm.dll+0xdb34e]
C  [BemaFI32.dll+0xb336]
j  view.JanelaEmitirNotaFiscal.fiscal()V+5
j  view.JanelaEmitirNotaFiscal.jButtonCadastrarActionPerformed(Ljava/awt/event/ActionEvent;)V+9
j  view.JanelaEmitirNotaFiscal.access$500(Lview/JanelaEmitirNotaFiscal;Ljava/awt/event/ActionEvent;)V+2
j  view.JanelaEmitirNotaFiscal$6.actionPerformed(Ljava/awt/event/ActionEvent;)V+5
j  javax.swing.AbstractButton.fireActionPerformed(Ljava/awt/event/ActionEvent;)V+83
j  javax.swing.AbstractButton$Handler.actionPerformed(Ljava/awt/event/ActionEvent;)V+5
j  javax.swing.DefaultButtonModel.fireActionPerformed(Ljava/awt/event/ActionEvent;)V+34
j  javax.swing.DefaultButtonModel.setPressed(Z)V+117
j  javax.swing.plaf.basic.BasicButtonListener.mouseReleased(Ljava/awt/event/MouseEvent;)V+35
j  java.awt.Component.processMouseEvent(Ljava/awt/event/MouseEvent;)V+64
j  javax.swing.JComponent.processMouseEvent(Ljava/awt/event/MouseEvent;)V+23
j  java.awt.Component.processEvent(Ljava/awt/AWTEvent;)V+81
j  java.awt.Container.processEvent(Ljava/awt/AWTEvent;)V+18
j  java.awt.Component.dispatchEventImpl(Ljava/awt/AWTEvent;)V+589
j  java.awt.Container.dispatchEventImpl(Ljava/awt/AWTEvent;)V+42
j  java.awt.Component.dispatchEvent(Ljava/awt/AWTEvent;)V+2
j  java.awt.LightweightDispatcher.retargetMouseEvent(Ljava/awt/Component;ILjava/awt/event/MouseEvent;)V+327
j  java.awt.LightweightDispatcher.processMouseEvent(Ljava/awt/event/MouseEvent;)Z+155
j  java.awt.LightweightDispatcher.dispatchEvent(Ljava/awt/AWTEvent;)Z+50
j  java.awt.Container.dispatchEventImpl(Ljava/awt/AWTEvent;)V+12
j  java.awt.Window.dispatchEventImpl(Ljava/awt/AWTEvent;)V+19
J 365 C1 java.awt.EventQueue.dispatchEventImpl(Ljava/awt/AWTEvent;Ljava/lang/Object;)V (149 bytes) @ 0x0303a55c [0x0303a110+0x44c]
J 362 C1 java.awt.EventQueue$3.run()Ljava/lang/Void; (60 bytes) @ 0x0303989c [0x03039840+0x5c]
J 361 C1 java.awt.EventQueue$3.run()Ljava/lang/Object; (5 bytes) @ 0x03039620 [0x03039600+0x20]
v  ~StubRoutines::call_stub
V  [jvm.dll+0x15b985]
V  [jvm.dll+0x22262e]
V  [jvm.dll+0x15ba1e]
V  [jvm.dll+0x10bbaf]
C  [java.dll+0x102f]
J 414 C1 java.awt.EventQueue$4.run()Ljava/lang/Object; (5 bytes) @ 0x0304a598 [0x0304a4d0+0xc8]
v  ~StubRoutines::call_stub
V  [jvm.dll+0x15b985]
V  [jvm.dll+0x22262e]
V  [jvm.dll+0x15ba1e]
V  [jvm.dll+0x10bbaf]
C  [java.dll+0x102f]
J 357 C1 java.awt.EventQueue.dispatchEvent(Ljava/awt/AWTEvent;)V (80 bytes) @ 0x0303831c [0x03037fc0+0x35c]
J 371 C1 java.awt.EventDispatchThread.pumpOneEventForFilters(I)V (190 bytes) @ 0x0303d118 [0x0303cd20+0x3f8]
J 475% C1 java.awt.EventDispatchThread.pumpEventsForFilter(ILjava/awt/Conditional;Ljava/awt/EventFilter;)V (47 bytes) @ 0x02fe6270 [0x02fe61c0+0xb0]
j  java.awt.EventDispatchThread.pumpEventsForFilter(Ljava/awt/Conditional;Ljava/awt/EventFilter;)V+4
j  java.awt.WaitDispatchSupport$2.run()V+59
j  java.awt.WaitDispatchSupport$4.run()Ljava/lang/Void;+4
j  java.awt.WaitDispatchSupport$4.run()Ljava/lang/Object;+1
v  ~StubRoutines::call_stub
V  [jvm.dll+0x15b985]
V  [jvm.dll+0x22262e]
V  [jvm.dll+0x15ba1e]
V  [jvm.dll+0x10bbaf]
C  [java.dll+0x1015]
j  java.awt.WaitDispatchSupport.enter()Z+325
j  java.awt.Dialog.show()V+233
j  java.awt.Component.show(Z)V+5
j  java.awt.Component.setVisible(Z)V+2
j  java.awt.Window.setVisible(Z)V+2
j  java.awt.Dialog.setVisible(Z)V+2
j  view.JanelaEmitirNotaFiscal$10.run()V+30
j  java.awt.event.InvocationEvent.dispatch()V+47
j  java.awt.EventQueue.dispatchEventImpl(Ljava/awt/AWTEvent;Ljava/lang/Object;)V+21
j  java.awt.EventQueue.access$500(Ljava/awt/EventQueue;Ljava/awt/AWTEvent;Ljava/lang/Object;)V+3
j  java.awt.EventQueue$3.run()Ljava/lang/Void;+32
j  java.awt.EventQueue$3.run()Ljava/lang/Object;+1
v  ~StubRoutines::call_stub
V  [jvm.dll+0x15b985]
V  [jvm.dll+0x22262e]
V  [jvm.dll+0x15ba1e]
V  [jvm.dll+0x10bbaf]
C  [java.dll+0x102f]
j  java.security.ProtectionDomain$JavaSecurityAccessImpl.doIntersectionPrivilege(Ljava/security/PrivilegedAction;Ljava/security/AccessControlContext;Ljava/security/AccessControlContext;)Ljava/lang/Object;+18
j  java.awt.EventQueue.dispatchEvent(Ljava/awt/AWTEvent;)V+46
j  java.awt.EventDispatchThread.pumpOneEventForFilters(I)V+140
j  java.awt.EventDispatchThread.pumpEventsForFilter(ILjava/awt/Conditional;Ljava/awt/EventFilter;)V+35
j  java.awt.EventDispatchThread.pumpEventsForHierarchy(ILjava/awt/Conditional;Ljava/awt/Component;)V+11
j  java.awt.EventDispatchThread.pumpEvents(ILjava/awt/Conditional;)V+4
j  java.awt.EventDispatchThread.pumpEvents(Ljava/awt/Conditional;)V+3
j  java.awt.EventDispatchThread.run()V+9
v  ~StubRoutines::call_stub
V  [jvm.dll+0x15b985]
V  [jvm.dll+0x22262e]
V  [jvm.dll+0x15ba1e]
V  [jvm.dll+0x15bba6]
V  [jvm.dll+0x15bc17]
V  [jvm.dll+0xffb3f]
V  [jvm.dll+0x17eb50]
V  [jvm.dll+0x17f3ca]
V  [jvm.dll+0x1c3fe6]
C  [msvcr100.dll+0x5c556]
C  [msvcr100.dll+0x5c600]
C  [KERNEL32.DLL+0x18484]
C  [ntdll.dll+0x62fea]
C  [ntdll.dll+0x62fba]
C  0x00000000

Java frames: (J=compiled Java code, j=interpreted, Vv=VM code)
j  bemajava.Bematech.ProgramaOperador(Ljava/lang/String;)I+0
j  view.JanelaEmitirNotaFiscal.fiscal()V+5
j  view.JanelaEmitirNotaFiscal.jButtonCadastrarActionPerformed(Ljava/awt/event/ActionEvent;)V+9
j  view.JanelaEmitirNotaFiscal.access$500(Lview/JanelaEmitirNotaFiscal;Ljava/awt/event/ActionEvent;)V+2
j  view.JanelaEmitirNotaFiscal$6.actionPerformed(Ljava/awt/event/ActionEvent;)V+5
j  javax.swing.AbstractButton.fireActionPerformed(Ljava/awt/event/ActionEvent;)V+83
j  javax.swing.AbstractButton$Handler.actionPerformed(Ljava/awt/event/ActionEvent;)V+5
j  javax.swing.DefaultButtonModel.fireActionPerformed(Ljava/awt/event/ActionEvent;)V+34
j  javax.swing.DefaultButtonModel.setPressed(Z)V+117
j  javax.swing.plaf.basic.BasicButtonListener.mouseReleased(Ljava/awt/event/MouseEvent;)V+35
j  java.awt.Component.processMouseEvent(Ljava/awt/event/MouseEvent;)V+64
j  javax.swing.JComponent.processMouseEvent(Ljava/awt/event/MouseEvent;)V+23
j  java.awt.Component.processEvent(Ljava/awt/AWTEvent;)V+81
j  java.awt.Container.processEvent(Ljava/awt/AWTEvent;)V+18
j  java.awt.Component.dispatchEventImpl(Ljava/awt/AWTEvent;)V+589
j  java.awt.Container.dispatchEventImpl(Ljava/awt/AWTEvent;)V+42
j  java.awt.Component.dispatchEvent(Ljava/awt/AWTEvent;)V+2
j  java.awt.LightweightDispatcher.retargetMouseEvent(Ljava/awt/Component;ILjava/awt/event/MouseEvent;)V+327
j  java.awt.LightweightDispatcher.processMouseEvent(Ljava/awt/event/MouseEvent;)Z+155
j  java.awt.LightweightDispatcher.dispatchEvent(Ljava/awt/AWTEvent;)Z+50
j  java.awt.Container.dispatchEventImpl(Ljava/awt/AWTEvent;)V+12
j  java.awt.Window.dispatchEventImpl(Ljava/awt/AWTEvent;)V+19
J 365 C1 java.awt.EventQueue.dispatchEventImpl(Ljava/awt/AWTEvent;Ljava/lang/Object;)V (149 bytes) @ 0x0303a55c [0x0303a110+0x44c]
J 362 C1 java.awt.EventQueue$3.run()Ljava/lang/Void; (60 bytes) @ 0x0303989c [0x03039840+0x5c]
J 361 C1 java.awt.EventQueue$3.run()Ljava/lang/Object; (5 bytes) @ 0x03039620 [0x03039600+0x20]
v  ~StubRoutines::call_stub
J 311  java.security.AccessController.doPrivileged(Ljava/security/PrivilegedAction;Ljava/security/AccessControlContext;)Ljava/lang/Object; (0 bytes) @ 0x0302c887 [0x0302c820+0x67]
J 414 C1 java.awt.EventQueue$4.run()Ljava/lang/Object; (5 bytes) @ 0x0304a598 [0x0304a4d0+0xc8]
v  ~StubRoutines::call_stub
J 311  java.security.AccessController.doPrivileged(Ljava/security/PrivilegedAction;Ljava/security/AccessControlContext;)Ljava/lang/Object; (0 bytes) @ 0x0302c887 [0x0302c820+0x67]
J 357 C1 java.awt.EventQueue.dispatchEvent(Ljava/awt/AWTEvent;)V (80 bytes) @ 0x0303831c [0x03037fc0+0x35c]
J 371 C1 java.awt.EventDispatchThread.pumpOneEventForFilters(I)V (190 bytes) @ 0x0303d118 [0x0303cd20+0x3f8]
J 475% C1 java.awt.EventDispatchThread.pumpEventsForFilter(ILjava/awt/Conditional;Ljava/awt/EventFilter;)V (47 bytes) @ 0x02fe6270 [0x02fe61c0+0xb0]
j  java.awt.EventDispatchThread.pumpEventsForFilter(Ljava/awt/Conditional;Ljava/awt/EventFilter;)V+4
j  java.awt.WaitDispatchSupport$2.run()V+59
j  java.awt.WaitDispatchSupport$4.run()Ljava/lang/Void;+4
j  java.awt.WaitDispatchSupport$4.run()Ljava/lang/Object;+1
v  ~StubRoutines::call_stub
j  java.security.AccessController.doPrivileged(Ljava/security/PrivilegedAction;)Ljava/lang/Object;+0
j  java.awt.WaitDispatchSupport.enter()Z+325
j  java.awt.Dialog.show()V+233
j  java.awt.Component.show(Z)V+5
j  java.awt.Component.setVisible(Z)V+2
j  java.awt.Window.setVisible(Z)V+2
j  java.awt.Dialog.setVisible(Z)V+2
j  view.JanelaEmitirNotaFiscal$10.run()V+30
j  java.awt.event.InvocationEvent.dispatch()V+47
j  java.awt.EventQueue.dispatchEventImpl(Ljava/awt/AWTEvent;Ljava/lang/Object;)V+21
j  java.awt.EventQueue.access$500(Ljava/awt/EventQueue;Ljava/awt/AWTEvent;Ljava/lang/Object;)V+3
j  java.awt.EventQueue$3.run()Ljava/lang/Void;+32
j  java.awt.EventQueue$3.run()Ljava/lang/Object;+1
v  ~StubRoutines::call_stub
j  java.security.AccessController.doPrivileged(Ljava/security/PrivilegedAction;Ljava/security/AccessControlContext;)Ljava/lang/Object;+0
j  java.security.ProtectionDomain$JavaSecurityAccessImpl.doIntersectionPrivilege(Ljava/security/PrivilegedAction;Ljava/security/AccessControlContext;Ljava/security/AccessControlContext;)Ljava/lang/Object;+18
j  java.awt.EventQueue.dispatchEvent(Ljava/awt/AWTEvent;)V+46
j  java.awt.EventDispatchThread.pumpOneEventForFilters(I)V+140
j  java.awt.EventDispatchThread.pumpEventsForFilter(ILjava/awt/Conditional;Ljava/awt/EventFilter;)V+35
j  java.awt.EventDispatchThread.pumpEventsForHierarchy(ILjava/awt/Conditional;Ljava/awt/Component;)V+11
j  java.awt.EventDispatchThread.pumpEvents(ILjava/awt/Conditional;)V+4
j  java.awt.EventDispatchThread.pumpEvents(Ljava/awt/Conditional;)V+3
j  java.awt.EventDispatchThread.run()V+9
v  ~StubRoutines::call_stub

---------------  P R O C E S S  ---------------

Java Threads: ( => current thread )
  0x15b8dc00 JavaThread "TimerQueue" daemon [_thread_blocked, id=7252, stack(0x17810000,0x17860000)]
  0x02d6cc00 JavaThread "DestroyJavaVM" [_thread_blocked, id=12120, stack(0x02cb0000,0x02d00000)]
=>0x15af8c00 JavaThread "AWT-EventQueue-0" [_thread_in_vm, id=2860, stack(0x16a50000,0x16aa0000)]
  0x15aca800 JavaThread "AWT-Windows" daemon [_thread_in_native, id=5864, stack(0x15e80000,0x15ed0000)]
  0x15aca000 JavaThread "AWT-Shutdown" [_thread_blocked, id=2608, stack(0x15df0000,0x15e40000)]
  0x15ac9800 JavaThread "Java2D Disposer" daemon [_thread_blocked, id=3832, stack(0x15d60000,0x15db0000)]
  0x02ee1000 JavaThread "Service Thread" daemon [_thread_blocked, id=4332, stack(0x15930000,0x15980000)]
  0x02ec2800 JavaThread "C1 CompilerThread0" daemon [_thread_blocked, id=11452, stack(0x158a0000,0x158f0000)]
  0x02ec1800 JavaThread "Attach Listener" daemon [_thread_blocked, id=4924, stack(0x15810000,0x15860000)]
  0x02eb6400 JavaThread "Signal Dispatcher" daemon [_thread_blocked, id=7172, stack(0x15780000,0x157d0000)]
  0x02eb4800 JavaThread "Finalizer" daemon [_thread_blocked, id=1124, stack(0x155e0000,0x15630000)]
  0x02e56800 JavaThread "Reference Handler" daemon [_thread_blocked, id=12472, stack(0x15550000,0x155a0000)]

Other Threads:
  0x02e53c00 VMThread [stack: 0x154c0000,0x15510000] [id=12924]
  0x02ef7800 WatcherThread [stack: 0x159c0000,0x15a10000] [id=9980]

VM state:not at safepoint (normal execution)

VM Mutex/Monitor currently owned by a thread: None

Heap:
 def new generation   total 4928K, used 1688K [0x05000000, 0x05550000, 0x0a550000)
  eden space 4416K,  35% used [0x05000000, 0x05185f10, 0x05450000)
  from space 512K,  25% used [0x054d0000, 0x054f0120, 0x05550000)
  to   space 512K,   0% used [0x05450000, 0x05450000, 0x054d0000)
 tenured generation   total 10944K, used 2132K [0x0a550000, 0x0b000000, 0x15000000)
   the space 10944K,  19% used [0x0a550000, 0x0a765100, 0x0a765200, 0x0b000000)
 Metaspace       used 871K, capacity 2575K, committed 2624K, reserved 4480K

Card table byte_map: [0x04f30000,0x04fc0000] byte_map_base: 0x04f08000

Polling page: 0x015a0000

CodeCache: size=32768Kb used=1187Kb max_used=1187Kb free=31580Kb
 bounds [0x02f30000, 0x03060000, 0x04f30000]
 total_blobs=699 nmethods=477 adapters=153
 compilation: enabled

Compilation events (10 events):
Event: 5.267 Thread 0x02ec2800  474             java.util.EnumMap$EnumMapIterator::hasNext (64 bytes)
Event: 5.268 Thread 0x02ec2800 nmethod 474 0x03057988 code [0x03057a80, 0x03057b60]
Event: 5.935 Thread 0x02ec2800  475 %           java.awt.EventDispatchThread::pumpEventsForFilter @ 10 (47 bytes)
Event: 5.936 Thread 0x02ec2800 nmethod 475% 0x02fe6088 code [0x02fe61c0, 0x02fe63ac]
Event: 7.072 Thread 0x02ec2800  476             sun.nio.cs.UTF_8$Encoder::encode (359 bytes)
Event: 7.073 Thread 0x02ec2800 nmethod 476 0x02fe54c8 code [0x02fe5610, 0x02fe5a58]
Event: 7.075 Thread 0x02ec2800  477             java.util.Properties$LineReader::readLine (468 bytes)
Event: 7.077 Thread 0x02ec2800 nmethod 477 0x02fe4408 code [0x02fe4590, 0x02fe4dac]
Event: 7.077 Thread 0x02ec2800  478             java.util.Properties::loadConvert (505 bytes)
Event: 7.077 Thread 0x02ec2800 nmethod 478 0x03057c48 code [0x03057d90, 0x030581b8]

GC Heap History (10 events):
Event: 0.365 GC heap before
{Heap before GC invocations=0 (full 0):
 def new generation   total 4928K, used 4416K [0x05000000, 0x05550000, 0x0a550000)
  eden space 4416K, 100% used [0x05000000, 0x05450000, 0x05450000)
  from space 512K,   0% used [0x05450000, 0x05450000, 0x054d0000)
  to   space 512K,   0% used [0x054d0000, 0x054d0000, 0x05550000)
 tenured generation   total 10944K, used 0K [0x0a550000, 0x0b000000, 0x15000000)
   the space 10944K,   0% used [0x0a550000, 0x0a550000, 0x0a550200, 0x0b000000)
 Metaspace       used 544K, capacity 2511K, committed 2624K, reserved 4480K
Event: 0.372 GC heap after
Heap after GC invocations=1 (full 0):
 def new generation   total 4928K, used 512K [0x05000000, 0x05550000, 0x0a550000)
  eden space 4416K,   0% used [0x05000000, 0x05000000, 0x05450000)
  from space 512K, 100% used [0x054d0000, 0x05550000, 0x05550000)
  to   space 512K,   0% used [0x05450000, 0x05450000, 0x054d0000)
 tenured generation   total 10944K, used 1000K [0x0a550000, 0x0b000000, 0x15000000)
   the space 10944K,   9% used [0x0a550000, 0x0a64a2b8, 0x0a64a400, 0x0b000000)
 Metaspace       used 544K, capacity 2511K, committed 2624K, reserved 4480K
}
Event: 5.205 GC heap before
{Heap before GC invocations=1 (full 0):
 def new generation   total 4928K, used 4928K [0x05000000, 0x05550000, 0x0a550000)
  eden space 4416K, 100% used [0x05000000, 0x05450000, 0x05450000)
  from space 512K, 100% used [0x054d0000, 0x05550000, 0x05550000)
  to   space 512K,   0% used [0x05450000, 0x05450000, 0x054d0000)
 tenured generation   total 10944K, used 1000K [0x0a550000, 0x0b000000, 0x15000000)
   the space 10944K,   9% used [0x0a550000, 0x0a64a2b8, 0x0a64a400, 0x0b000000)
 Metaspace       used 723K, capacity 2511K, committed 2624K, reserved 4480K
Event: 5.209 GC heap after
Heap after GC invocations=2 (full 0):
 def new generation   total 4928K, used 132K [0x05000000, 0x05550000, 0x0a550000)
  eden space 4416K,   0% used [0x05000000, 0x05000000, 0x05450000)
  from space 512K,  25% used [0x05450000, 0x054711e8, 0x054d0000)
  to   space 512K,   0% used [0x054d0000, 0x054d0000, 0x05550000)
 tenured generation   total 10944K, used 2132K [0x0a550000, 0x0b000000, 0x15000000)
   the space 10944K,  19% used [0x0a550000, 0x0a765100, 0x0a765200, 0x0b000000)
 Metaspace       used 723K, capacity 2511K, committed 2624K, reserved 4480K
}
Event: 5.723 GC heap before
{Heap before GC invocations=2 (full 0):
 def new generation   total 4928K, used 4548K [0x05000000, 0x05550000, 0x0a550000)
  eden space 4416K, 100% used [0x05000000, 0x05450000, 0x05450000)
  from space 512K,  25% used [0x05450000, 0x054711e8, 0x054d0000)
  to   space 512K,   0% used [0x054d0000, 0x054d0000, 0x05550000)
 tenured generation   total 10944K, used 2132K [0x0a550000, 0x0b000000, 0x15000000)
   the space 10944K,  19% used [0x0a550000, 0x0a765100, 0x0a765200, 0x0b000000)
 Metaspace       used 723K, capacity 2511K, committed 2624K, reserved 4480K
Event: 5.724 GC heap after
Heap after GC invocations=3 (full 0):
 def new generation   total 4928K, used 128K [0x05000000, 0x05550000, 0x0a550000)
  eden space 4416K,   0% used [0x05000000, 0x05000000, 0x05450000)
  from space 512K,  25% used [0x054d0000, 0x054f0120, 0x05550000)
  to   space 512K,   0% used [0x05450000, 0x05450000, 0x054d0000)
 tenured generation   total 10944K, used 2132K [0x0a550000, 0x0b000000, 0x15000000)
   the space 10944K,  19% used [0x0a550000, 0x0a765100, 0x0a765200, 0x0b000000)
 Metaspace       used 723K, capacity 2511K, committed 2624K, reserved 4480K
}
Event: 6.273 GC heap before
{Heap before GC invocations=3 (full 0):
 def new generation   total 4928K, used 4544K [0x05000000, 0x05550000, 0x0a550000)
  eden space 4416K, 100% used [0x05000000, 0x05450000, 0x05450000)
  from space 512K,  25% used [0x054d0000, 0x054f0120, 0x05550000)
  to   space 512K,   0% used [0x05450000, 0x05450000, 0x054d0000)
 tenured generation   total 10944K, used 2132K [0x0a550000, 0x0b000000, 0x15000000)
   the space 10944K,  19% used [0x0a550000, 0x0a765100, 0x0a765200, 0x0b000000)
 Metaspace       used 723K, capacity 2511K, committed 2624K, reserved 4480K
Event: 6.274 GC heap after
Heap after GC invocations=4 (full 0):
 def new generation   total 4928K, used 128K [0x05000000, 0x05550000, 0x0a550000)
  eden space 4416K,   0% used [0x05000000, 0x05000000, 0x05450000)
  from space 512K,  25% used [0x05450000, 0x05470120, 0x054d0000)
  to   space 512K,   0% used [0x054d0000, 0x054d0000, 0x05550000)
 tenured generation   total 10944K, used 2132K [0x0a550000, 0x0b000000, 0x15000000)
   the space 10944K,  19% used [0x0a550000, 0x0a765100, 0x0a765200, 0x0b000000)
 Metaspace       used 723K, capacity 2511K, committed 2624K, reserved 4480K
}
Event: 6.791 GC heap before
{Heap before GC invocations=4 (full 0):
 def new generation   total 4928K, used 4544K [0x05000000, 0x05550000, 0x0a550000)
  eden space 4416K, 100% used [0x05000000, 0x05450000, 0x05450000)
  from space 512K,  25% used [0x05450000, 0x05470120, 0x054d0000)
  to   space 512K,   0% used [0x054d0000, 0x054d0000, 0x05550000)
 tenured generation   total 10944K, used 2132K [0x0a550000, 0x0b000000, 0x15000000)
   the space 10944K,  19% used [0x0a550000, 0x0a765100, 0x0a765200, 0x0b000000)
 Metaspace       used 723K, capacity 2511K, committed 2624K, reserved 4480K
Event: 6.792 GC heap after
Heap after GC invocations=5 (full 0):
 def new generation   total 4928K, used 128K [0x05000000, 0x05550000, 0x0a550000)
  eden space 4416K,   0% used [0x05000000, 0x05000000, 0x05450000)
  from space 512K,  25% used [0x054d0000, 0x054f0120, 0x05550000)
  to   space 512K,   0% used [0x05450000, 0x05450000, 0x054d0000)
 tenured generation   total 10944K, used 2132K [0x0a550000, 0x0b000000, 0x15000000)
   the space 10944K,  19% used [0x0a550000, 0x0a765100, 0x0a765200, 0x0b000000)
 Metaspace       used 723K, capacity 2511K, committed 2624K, reserved 4480K
}

Deoptimization events (0 events):
No events

Classes redefined (0 events):
No events

Internal exceptions (10 events):
Event: 0.028 Thread 0x02d6cc00 Exception <a 'java/lang/NoSuchMethodError': Method sun.misc.Unsafe.defineClass(Ljava/lang/String;[BII)Ljava/lang/Class; name or signature does not match> (0x050079d0) thrown at [C:\re\workspace\8-2-build-windows-i586-cygwin\jdk8u171\10807\hotspot\src\shar
Event: 0.028 Thread 0x02d6cc00 Exception <a 'java/lang/NoSuchMethodError': Method sun.misc.Unsafe.prefetchRead(Ljava/lang/Object;J)V name or signature does not match> (0x05007ca0) thrown at [C:\re\workspace\8-2-build-windows-i586-cygwin\jdk8u171\10807\hotspot\src\share\vm\prims\jni.cpp
Event: 0.099 Thread 0x02d6cc00 Exception <a 'java/security/PrivilegedActionException'> (0x050a7ce0) thrown at [C:\re\workspace\8-2-build-windows-i586-cygwin\jdk8u171\10807\hotspot\src\share\vm\prims\jvm.cpp, line 1435]
Event: 0.099 Thread 0x02d6cc00 Exception <a 'java/security/PrivilegedActionException'> (0x050a7ee0) thrown at [C:\re\workspace\8-2-build-windows-i586-cygwin\jdk8u171\10807\hotspot\src\share\vm\prims\jvm.cpp, line 1435]
Event: 0.100 Thread 0x02d6cc00 Exception <a 'java/security/PrivilegedActionException'> (0x050abfb8) thrown at [C:\re\workspace\8-2-build-windows-i586-cygwin\jdk8u171\10807\hotspot\src\share\vm\prims\jvm.cpp, line 1435]
Event: 0.100 Thread 0x02d6cc00 Exception <a 'java/security/PrivilegedActionException'> (0x050ac1b8) thrown at [C:\re\workspace\8-2-build-windows-i586-cygwin\jdk8u171\10807\hotspot\src\share\vm\prims\jvm.cpp, line 1435]
Event: 0.105 Thread 0x02d6cc00 Exception <a 'java/io/FileNotFoundException'> (0x050b1e28) thrown at [C:\re\workspace\8-2-build-windows-i586-cygwin\jdk8u171\10807\hotspot\src\share\vm\prims\jni.cpp, line 709]
Event: 0.140 Thread 0x02d6cc00 Exception <a 'java/lang/NoSuchFieldError': method resolution failed> (0x05170170) thrown at [C:\re\workspace\8-2-build-windows-i586-cygwin\jdk8u171\10807\hotspot\src\share\vm\prims\methodHandles.cpp, line 1167]
Event: 0.142 Thread 0x02d6cc00 Exception <a 'java/lang/NoSuchFieldError': method resolution failed> (0x0517c2a0) thrown at [C:\re\workspace\8-2-build-windows-i586-cygwin\jdk8u171\10807\hotspot\src\share\vm\prims\methodHandles.cpp, line 1167]
Event: 0.190 Thread 0x02d6cc00 Exception <a 'java/io/FileNotFoundException'> (0x05262070) thrown at [C:\re\workspace\8-2-build-windows-i586-cygwin\jdk8u171\10807\hotspot\src\share\vm\prims\jni.cpp, line 709]

Events (10 events):
Event: 7.078 loading class sun/security/util/DisabledAlgorithmConstraints$DisabledConstraint
Event: 7.078 loading class sun/security/util/DisabledAlgorithmConstraints$Constraint
Event: 7.078 loading class sun/security/util/DisabledAlgorithmConstraints$Constraint done
Event: 7.078 loading class sun/security/util/DisabledAlgorithmConstraints$DisabledConstraint done
Event: 7.078 loading class sun/security/util/DisabledAlgorithmConstraints$KeySizeConstraint
Event: 7.078 loading class sun/security/util/DisabledAlgorithmConstraints$KeySizeConstraint done
Event: 7.078 loading class sun/security/util/DisabledAlgorithmConstraints$Constraint$Operator
Event: 7.078 loading class sun/security/util/DisabledAlgorithmConstraints$Constraint$Operator done
Event: 7.078 loading class sun/security/util/DisabledAlgorithmConstraints$1
Event: 7.078 loading class sun/security/util/DisabledAlgorithmConstraints$1 done


Dynamic libraries:
0x00bb0000 - 0x00be3000 	C:\Program Files (x86)\Java\jdk1.8.0_171\bin\java.exe
0x77b30000 - 0x77cc0000 	C:\WINDOWS\SYSTEM32\ntdll.dll
0x76a40000 - 0x76b20000 	C:\WINDOWS\System32\KERNEL32.DLL
0x77850000 - 0x77a34000 	C:\WINDOWS\System32\KERNELBASE.dll
0x61000000 - 0x6109d000 	C:\WINDOWS\SYSTEM32\apphelp.dll
0x766a0000 - 0x76718000 	C:\WINDOWS\System32\ADVAPI32.dll
0x760c0000 - 0x7617f000 	C:\WINDOWS\System32\msvcrt.dll
0x76220000 - 0x76264000 	C:\WINDOWS\System32\sechost.dll
0x75db0000 - 0x75e70000 	C:\WINDOWS\System32\RPCRT4.dll
0x743f0000 - 0x74410000 	C:\WINDOWS\System32\SspiCli.dll
0x743e0000 - 0x743ea000 	C:\WINDOWS\System32\CRYPTBASE.dll
0x76d00000 - 0x76d58000 	C:\WINDOWS\System32\bcryptPrimitives.dll
0x75f30000 - 0x760bd000 	C:\WINDOWS\System32\USER32.dll
0x76e70000 - 0x76e87000 	C:\WINDOWS\System32\win32u.dll
0x76180000 - 0x761a2000 	C:\WINDOWS\System32\GDI32.dll
0x744c0000 - 0x74624000 	C:\WINDOWS\System32\gdi32full.dll
0x76910000 - 0x7698d000 	C:\WINDOWS\System32\msvcp_win.dll
0x75980000 - 0x75a9e000 	C:\WINDOWS\System32\ucrtbase.dll
0x71b30000 - 0x71d34000 	C:\WINDOWS\WinSxS\x86_microsoft.windows.common-controls_6595b64144ccf1df_6.0.17134.137_none_42f1ce1c44dfc46d\COMCTL32.dll
0x76ea0000 - 0x770fc000 	C:\WINDOWS\System32\combase.dll
0x75e70000 - 0x75e96000 	C:\WINDOWS\System32\IMM32.DLL
0x60dd0000 - 0x60e8f000 	C:\Program Files (x86)\Java\jdk1.8.0_171\jre\bin\msvcr100.dll
0x5f770000 - 0x5fb41000 	C:\Program Files (x86)\Java\jdk1.8.0_171\jre\bin\client\jvm.dll
0x777f0000 - 0x777f6000 	C:\WINDOWS\System32\PSAPI.DLL
0x74370000 - 0x74378000 	C:\WINDOWS\SYSTEM32\VERSION.dll
0x71de0000 - 0x71e04000 	C:\WINDOWS\SYSTEM32\WINMM.dll
0x743d0000 - 0x743d8000 	C:\WINDOWS\SYSTEM32\WSOCK32.dll
0x761b0000 - 0x76217000 	C:\WINDOWS\System32\WS2_32.dll
0x71080000 - 0x710a3000 	C:\WINDOWS\SYSTEM32\winmmbase.dll
0x76b20000 - 0x76b59000 	C:\WINDOWS\System32\cfgmgr32.dll
0x6f3e0000 - 0x6f3ec000 	C:\Program Files (x86)\Java\jdk1.8.0_171\jre\bin\verify.dll
0x60da0000 - 0x60dc2000 	C:\Program Files (x86)\Java\jdk1.8.0_171\jre\bin\java.dll
0x60d80000 - 0x60d94000 	C:\Program Files (x86)\Java\jdk1.8.0_171\jre\bin\zip.dll
0x74630000 - 0x7597a000 	C:\WINDOWS\System32\SHELL32.dll
0x74410000 - 0x74498000 	C:\WINDOWS\System32\shcore.dll
0x77230000 - 0x777ea000 	C:\WINDOWS\System32\windows.storage.dll
0x77800000 - 0x77845000 	C:\WINDOWS\System32\shlwapi.dll
0x77100000 - 0x7710f000 	C:\WINDOWS\System32\kernel.appcore.dll
0x76990000 - 0x769a8000 	C:\WINDOWS\System32\profapi.dll
0x76dc0000 - 0x76e05000 	C:\WINDOWS\System32\powrprof.dll
0x744a0000 - 0x744a8000 	C:\WINDOWS\System32\FLTLIB.DLL
0x607a0000 - 0x608e5000 	C:\Program Files (x86)\Java\jdk1.8.0_171\jre\bin\awt.dll
0x77170000 - 0x77206000 	C:\WINDOWS\System32\OLEAUT32.dll
0x71d40000 - 0x71dbc000 	C:\WINDOWS\system32\uxtheme.dll
0x75aa0000 - 0x75be4000 	C:\WINDOWS\System32\MSCTF.dll
0x70600000 - 0x70623000 	C:\WINDOWS\system32\dwmapi.dll
0x76720000 - 0x7681c000 	C:\WINDOWS\System32\ole32.dll
0x67e20000 - 0x67ef9000 	C:\WINDOWS\system32\opengl32.dll
0x71040000 - 0x7107f000 	C:\WINDOWS\SYSTEM32\GLU32.dll
0x60d20000 - 0x60d59000 	C:\Program Files (x86)\Java\jdk1.8.0_171\jre\bin\fontmanager.dll
0x60d60000 - 0x60d75000 	C:\Program Files (x86)\Java\jdk1.8.0_171\jre\bin\net.dll
0x740f0000 - 0x74146000 	C:\WINDOWS\system32\mswsock.dll
0x60f20000 - 0x60f2f000 	C:\Program Files (x86)\Java\jdk1.8.0_171\jre\bin\nio.dll
0x75ea0000 - 0x75f23000 	C:\WINDOWS\System32\clbcatq.dll
0x694f0000 - 0x69661000 	C:\WINDOWS\SYSTEM32\WindowsCodecs.dll
0x65ae0000 - 0x65b2f000 	C:\WINDOWS\system32\dataexchange.dll
0x65740000 - 0x6587c000 	C:\WINDOWS\system32\dcomp.dll
0x65880000 - 0x65ad2000 	C:\WINDOWS\system32\d3d11.dll
0x656a0000 - 0x65738000 	C:\WINDOWS\system32\dxgi.dll
0x65530000 - 0x65695000 	C:\WINDOWS\system32\twinapi.appcore.dll
0x71020000 - 0x7103a000 	C:\WINDOWS\system32\RMCLIENT.dll
0x60760000 - 0x60792000 	C:\Program Files (x86)\Java\jdk1.8.0_171\jre\bin\t2k.dll
0x6fa70000 - 0x6faee000 	C:\WINDOWS\System32\TextInputFramework.dll
0x6f5a0000 - 0x6f7fd000 	C:\WINDOWS\System32\CoreUIComponents.dll
0x6f510000 - 0x6f59b000 	C:\WINDOWS\System32\CoreMessaging.dll
0x73ba0000 - 0x73bc9000 	C:\WINDOWS\SYSTEM32\ntmarta.dll
0x6f2f0000 - 0x6f3c6000 	C:\WINDOWS\SYSTEM32\wintypes.dll
0x512e0000 - 0x515be000 	C:\Windows\System32\BemaFI32.dll
0x651e0000 - 0x65362000 	C:\WINDOWS\SYSTEM32\dbghelp.dll

VM Arguments:
jvm_args: -Dfile.encoding=UTF-8 
java_command: view.JanelaEmitirNotaFiscal
java_class_path (initial): C:\Program Files\NetBeans 8.2\ide\modules\ext\mysql-connector-java-5.1.23-bin.jar;C:\Users\gabri\OneDrive\Música\Documentos\NetBeansProjects\EasySistemTelas\src\fiscal\Bematech.jar;C:\Users\gabri\OneDrive\Música\Documentos\NetBeansProjects\EasySistemTelas\build\classes
Launcher Type: SUN_STANDARD

Environment Variables:
JAVA_HOME=C:\Program Files\Java\jdk1.8.0_161
PATH=C:\Program Files (x86)\Common Files\Oracle\Java\javapath;C:\ProgramData\Oracle\Java\javapath;C:\WINDOWS\system32;C:\WINDOWS;C:\WINDOWS\System32\Wbem;C:\WINDOWS\System32\WindowsPowerShell\v1.0\;C:\Program Files\nodejs\;C:\WINDOWS\System32\OpenSSH\;C:\Users\gabri\AppData\Local\Microsoft\WindowsApps;C:\Users\gabri\AppData\Roaming\npm;C:\Users\gabri\AppData\Local\Android\Sdk\platform-tools;C:\Users\gabri\AppData\Local\GitHubDesktop\bin;C:\xampp\php;C:\Program Files\Microsoft VS Code\bin;C:\Users\gabri\AppData\Local\Microsoft\WindowsApps
USERNAME=gabri
OS=Windows_NT
PROCESSOR_IDENTIFIER=Intel64 Family 6 Model 78 Stepping 3, GenuineIntel



---------------  S Y S T E M  ---------------

OS: Windows 10.0 , 64 bit Build 17134 (10.0.17134.1)

CPU:total 4 (initial active 4) (2 cores per cpu, 2 threads per core) family 6 model 78 stepping 3, cmov, cx8, fxsr, mmx, sse, sse2, sse3, ssse3, sse4.1, sse4.2, popcnt, avx, avx2, aes, clmul, erms, rtm, 3dnowpref, lzcnt, ht, tsc, tscinvbit, bmi1, bmi2, adx

Memory: 4k page, physical 4077804k(1372196k free), swap 6174956k(2138720k free)

vm_info: Java HotSpot(TM) Client VM (25.171-b11) for windows-x86 JRE (1.8.0_171-b11), built on Mar 28 2018 14:51:22 by "java_re" with MS VC++ 10.0 (VS2010)

time: Wed Jul 18 19:39:21 2018
elapsed time: 7 seconds (0d 0h 0m 7s)

