#
# A fatal error has been detected by the Java Runtime Environment:
#
#  EXCEPTION_ACCESS_VIOLATION (0xc0000005) at pc=0x684bb34e, pid=9172, tid=0x00001fa8
#
# JRE version: Java(TM) SE Runtime Environment (8.0_171-b11) (build 1.8.0_171-b11)
# Java VM: Java HotSpot(TM) Client VM (25.171-b11 mixed mode, sharing windows-x86 )
# Problematic frame:
# V  [jvm.dll+0xdb34e]
#
# Failed to write core dump. Minidumps are not enabled by default on client versions of Windows
#
# If you would like to submit a bug report, please visit:
#   http://bugreport.java.com/bugreport/crash.jsp
#

---------------  T H R E A D  ---------------

Current thread (0x1585d000):  JavaThread "AWT-EventQueue-0" [_thread_in_vm, id=8104, stack(0x160c0000,0x16110000)]

siginfo: ExceptionCode=0xc0000005, reading address 0x00000000

Registers:
EAX=0x00000000, EBX=0x00000000, ECX=0x00000000, EDX=0x00000000
ESP=0x1610ce18, EBP=0x1610ce48, ESI=0x151b2f60, EDI=0x1585d000
EIP=0x684bb34e, EFLAGS=0x00210246

Top of Stack: (sp=0x1610ce18)
0x1610ce18:   1585d000 151b2f60 151b2f60 1610ce4c
0x1610ce28:   684613c0 1585d000 00000006 00000008
0x1610ce38:   1585d000 00000000 151b2f60 151b2f60
0x1610ce48:   1610ce90 6041b336 1585d000 00000000
0x1610ce58:   00000000 02cfdaf1 1585d140 1610ce98
0x1610ce68:   00000000 02cfd8c6 1610ce70 151b2f60
0x1610ce78:   1610cea0 151b4a78 00000000 151b2f60
0x1610ce88:   00000000 1610cea0 1610cec4 02cf44f0 

Instructions: (pc=0x684bb34e)
0x684bb32e:   e8 ad c0 f2 ff 33 db 83 c4 08 89 7d f0 89 5d f4
0x684bb33e:   39 5f 04 74 08 8d 4d f0 e8 05 e0 0c 00 8b 45 0c
0x684bb34e:   8b 30 8b 0d 48 b4 75 68 39 1c 31 74 45 56 e8 0f
0x684bb35e:   9c f6 ff 83 c4 04 6a 00 6a 00 8d 4d dc 8d 78 01 


Register to memory mapping:

EAX=0x00000000 is an unknown value
EBX=0x00000000 is an unknown value
ECX=0x00000000 is an unknown value
EDX=0x00000000 is an unknown value
ESP=0x1610ce18 is pointing into the stack for thread: 0x1585d000
EBP=0x1610ce48 is pointing into the stack for thread: 0x1585d000
ESI={method} {0x151b2f64} 'ProgramaOperador' '(Ljava/lang/String;)I' in 'bemajava/Bematech'
EDI=0x1585d000 is a thread


Stack: [0x160c0000,0x16110000],  sp=0x1610ce18,  free space=307k
Native frames: (J=compiled Java code, j=interpreted, Vv=VM code, C=native code)
V  [jvm.dll+0xdb34e]
C  [BemaFI32.dll+0xb336]
j  view.JanelaEmitirNotaFiscal.fiscal()V+5
j  view.JanelaEmitirNotaFiscal.jButtonCadastrarActionPerformed(Ljava/awt/event/ActionEvent;)V+9
j  view.JanelaEmitirNotaFiscal.access$500(Lview/JanelaEmitirNotaFiscal;Ljava/awt/event/ActionEvent;)V+2
j  view.JanelaEmitirNotaFiscal$6.actionPerformed(Ljava/awt/event/ActionEvent;)V+5
j  javax.swing.AbstractButton.fireActionPerformed(Ljava/awt/event/ActionEvent;)V+83
j  javax.swing.AbstractButton$Handler.actionPerformed(Ljava/awt/event/ActionEvent;)V+5
j  javax.swing.DefaultButtonModel.fireActionPerformed(Ljava/awt/event/ActionEvent;)V+34
j  javax.swing.DefaultButtonModel.setPressed(Z)V+117
j  javax.swing.plaf.basic.BasicButtonListener.mouseReleased(Ljava/awt/event/MouseEvent;)V+35
j  java.awt.Component.processMouseEvent(Ljava/awt/event/MouseEvent;)V+64
j  javax.swing.JComponent.processMouseEvent(Ljava/awt/event/MouseEvent;)V+23
j  java.awt.Component.processEvent(Ljava/awt/AWTEvent;)V+81
j  java.awt.Container.processEvent(Ljava/awt/AWTEvent;)V+18
j  java.awt.Component.dispatchEventImpl(Ljava/awt/AWTEvent;)V+589
j  java.awt.Container.dispatchEventImpl(Ljava/awt/AWTEvent;)V+42
J 432 C1 java.awt.LightweightDispatcher.retargetMouseEvent(Ljava/awt/Component;ILjava/awt/event/MouseEvent;)V (350 bytes) @ 0x02e27b60 [0x02e27490+0x6d0]
j  java.awt.LightweightDispatcher.processMouseEvent(Ljava/awt/event/MouseEvent;)Z+155
j  java.awt.LightweightDispatcher.dispatchEvent(Ljava/awt/AWTEvent;)Z+50
j  java.awt.Container.dispatchEventImpl(Ljava/awt/AWTEvent;)V+12
j  java.awt.Window.dispatchEventImpl(Ljava/awt/AWTEvent;)V+19
J 569 C1 java.awt.EventQueue.dispatchEventImpl(Ljava/awt/AWTEvent;Ljava/lang/Object;)V (149 bytes) @ 0x02e4e09c [0x02e4dc50+0x44c]
J 566 C1 java.awt.EventQueue$3.run()Ljava/lang/Void; (60 bytes) @ 0x02e4d3dc [0x02e4d380+0x5c]
J 565 C1 java.awt.EventQueue$3.run()Ljava/lang/Object; (5 bytes) @ 0x02e4d160 [0x02e4d140+0x20]
v  ~StubRoutines::call_stub
V  [jvm.dll+0x15b985]
V  [jvm.dll+0x22262e]
V  [jvm.dll+0x15ba1e]
V  [jvm.dll+0x10bbaf]
C  [java.dll+0x102f]
J 551 C1 java.security.ProtectionDomain$JavaSecurityAccessImpl.doIntersectionPrivilege(Ljava/security/PrivilegedAction;Ljava/security/AccessControlContext;Ljava/security/AccessControlContext;)Ljava/lang/Object; (22 bytes) @ 0x02e49280 [0x02e49180+0x100]
j  java.security.ProtectionDomain$JavaSecurityAccessImpl.doIntersectionPrivilege(Ljava/security/PrivilegedAction;Ljava/security/AccessControlContext;)Ljava/lang/Object;+6
j  java.awt.EventQueue$4.run()Ljava/lang/Void;+11
j  java.awt.EventQueue$4.run()Ljava/lang/Object;+1
v  ~StubRoutines::call_stub
V  [jvm.dll+0x15b985]
V  [jvm.dll+0x22262e]
V  [jvm.dll+0x15ba1e]
V  [jvm.dll+0x10bbaf]
C  [java.dll+0x102f]
J 561 C1 java.awt.EventQueue.dispatchEvent(Ljava/awt/AWTEvent;)V (80 bytes) @ 0x02e4bddc [0x02e4ba80+0x35c]
J 577 C1 java.awt.EventDispatchThread.pumpOneEventForFilters(I)V (190 bytes) @ 0x02e51658 [0x02e51260+0x3f8]
j  java.awt.EventDispatchThread.pumpEventsForFilter(ILjava/awt/Conditional;Ljava/awt/EventFilter;)V+35
j  java.awt.EventDispatchThread.pumpEventsForFilter(Ljava/awt/Conditional;Ljava/awt/EventFilter;)V+4
j  java.awt.WaitDispatchSupport$2.run()V+59
j  java.awt.WaitDispatchSupport$4.run()Ljava/lang/Void;+4
j  java.awt.WaitDispatchSupport$4.run()Ljava/lang/Object;+1
v  ~StubRoutines::call_stub
V  [jvm.dll+0x15b985]
V  [jvm.dll+0x22262e]
V  [jvm.dll+0x15ba1e]
V  [jvm.dll+0x10bbaf]
C  [java.dll+0x1015]
j  java.awt.WaitDispatchSupport.enter()Z+325
j  java.awt.Dialog.show()V+233
j  java.awt.Component.show(Z)V+5
j  java.awt.Component.setVisible(Z)V+2
j  java.awt.Window.setVisible(Z)V+2
j  java.awt.Dialog.setVisible(Z)V+2
j  view.JanelaRealizaVenda.inserirProduto()V+97
j  view.JanelaRealizaVenda.jFormattedTextFieldQtdeKeyPressed(Ljava/awt/event/KeyEvent;)V+26
j  view.JanelaRealizaVenda.access$300(Lview/JanelaRealizaVenda;Ljava/awt/event/KeyEvent;)V+2
j  view.JanelaRealizaVenda$4.keyPressed(Ljava/awt/event/KeyEvent;)V+5
j  java.awt.Component.processKeyEvent(Ljava/awt/event/KeyEvent;)V+52
j  javax.swing.JComponent.processKeyEvent(Ljava/awt/event/KeyEvent;)V+2
j  java.awt.Component.processEvent(Ljava/awt/AWTEvent;)V+121
j  java.awt.Container.processEvent(Ljava/awt/AWTEvent;)V+18
j  java.awt.Component.dispatchEventImpl(Ljava/awt/AWTEvent;)V+589
j  java.awt.Container.dispatchEventImpl(Ljava/awt/AWTEvent;)V+42
j  java.awt.Component.dispatchEvent(Ljava/awt/AWTEvent;)V+2
j  java.awt.KeyboardFocusManager.redispatchEvent(Ljava/awt/Component;Ljava/awt/AWTEvent;)V+7
j  java.awt.DefaultKeyboardFocusManager.dispatchKeyEvent(Ljava/awt/event/KeyEvent;)Z+63
j  java.awt.DefaultKeyboardFocusManager.preDispatchKeyEvent(Ljava/awt/event/KeyEvent;)Z+137
j  java.awt.DefaultKeyboardFocusManager.typeAheadAssertions(Ljava/awt/Component;Ljava/awt/AWTEvent;)Z+166
j  java.awt.DefaultKeyboardFocusManager.dispatchEvent(Ljava/awt/AWTEvent;)Z+1632
j  java.awt.Component.dispatchEventImpl(Ljava/awt/AWTEvent;)V+151
j  java.awt.Container.dispatchEventImpl(Ljava/awt/AWTEvent;)V+42
j  java.awt.Window.dispatchEventImpl(Ljava/awt/AWTEvent;)V+19
j  java.awt.Component.dispatchEvent(Ljava/awt/AWTEvent;)V+2
j  java.awt.EventQueue.dispatchEventImpl(Ljava/awt/AWTEvent;Ljava/lang/Object;)V+41
j  java.awt.EventQueue.access$500(Ljava/awt/EventQueue;Ljava/awt/AWTEvent;Ljava/lang/Object;)V+3
j  java.awt.EventQueue$3.run()Ljava/lang/Void;+32
j  java.awt.EventQueue$3.run()Ljava/lang/Object;+1
v  ~StubRoutines::call_stub
V  [jvm.dll+0x15b985]
V  [jvm.dll+0x22262e]
V  [jvm.dll+0x15ba1e]
V  [jvm.dll+0x10bbaf]
C  [java.dll+0x102f]
j  java.security.ProtectionDomain$JavaSecurityAccessImpl.doIntersectionPrivilege(Ljava/security/PrivilegedAction;Ljava/security/AccessControlContext;Ljava/security/AccessControlContext;)Ljava/lang/Object;+18
j  java.security.ProtectionDomain$JavaSecurityAccessImpl.doIntersectionPrivilege(Ljava/security/PrivilegedAction;Ljava/security/AccessControlContext;)Ljava/lang/Object;+6
j  java.awt.EventQueue$4.run()Ljava/lang/Void;+11
j  java.awt.EventQueue$4.run()Ljava/lang/Object;+1
v  ~StubRoutines::call_stub
V  [jvm.dll+0x15b985]
V  [jvm.dll+0x22262e]
V  [jvm.dll+0x15ba1e]
V  [jvm.dll+0x10bbaf]
C  [java.dll+0x102f]
...<more frames>...

Java frames: (J=compiled Java code, j=interpreted, Vv=VM code)
j  bemajava.Bematech.ProgramaOperador(Ljava/lang/String;)I+0
j  view.JanelaEmitirNotaFiscal.fiscal()V+5
j  view.JanelaEmitirNotaFiscal.jButtonCadastrarActionPerformed(Ljava/awt/event/ActionEvent;)V+9
j  view.JanelaEmitirNotaFiscal.access$500(Lview/JanelaEmitirNotaFiscal;Ljava/awt/event/ActionEvent;)V+2
j  view.JanelaEmitirNotaFiscal$6.actionPerformed(Ljava/awt/event/ActionEvent;)V+5
j  javax.swing.AbstractButton.fireActionPerformed(Ljava/awt/event/ActionEvent;)V+83
j  javax.swing.AbstractButton$Handler.actionPerformed(Ljava/awt/event/ActionEvent;)V+5
j  javax.swing.DefaultButtonModel.fireActionPerformed(Ljava/awt/event/ActionEvent;)V+34
j  javax.swing.DefaultButtonModel.setPressed(Z)V+117
j  javax.swing.plaf.basic.BasicButtonListener.mouseReleased(Ljava/awt/event/MouseEvent;)V+35
j  java.awt.Component.processMouseEvent(Ljava/awt/event/MouseEvent;)V+64
j  javax.swing.JComponent.processMouseEvent(Ljava/awt/event/MouseEvent;)V+23
j  java.awt.Component.processEvent(Ljava/awt/AWTEvent;)V+81
j  java.awt.Container.processEvent(Ljava/awt/AWTEvent;)V+18
j  java.awt.Component.dispatchEventImpl(Ljava/awt/AWTEvent;)V+589
j  java.awt.Container.dispatchEventImpl(Ljava/awt/AWTEvent;)V+42
J 432 C1 java.awt.LightweightDispatcher.retargetMouseEvent(Ljava/awt/Component;ILjava/awt/event/MouseEvent;)V (350 bytes) @ 0x02e27b60 [0x02e27490+0x6d0]
j  java.awt.LightweightDispatcher.processMouseEvent(Ljava/awt/event/MouseEvent;)Z+155
j  java.awt.LightweightDispatcher.dispatchEvent(Ljava/awt/AWTEvent;)Z+50
j  java.awt.Container.dispatchEventImpl(Ljava/awt/AWTEvent;)V+12
j  java.awt.Window.dispatchEventImpl(Ljava/awt/AWTEvent;)V+19
J 569 C1 java.awt.EventQueue.dispatchEventImpl(Ljava/awt/AWTEvent;Ljava/lang/Object;)V (149 bytes) @ 0x02e4e09c [0x02e4dc50+0x44c]
J 566 C1 java.awt.EventQueue$3.run()Ljava/lang/Void; (60 bytes) @ 0x02e4d3dc [0x02e4d380+0x5c]
J 565 C1 java.awt.EventQueue$3.run()Ljava/lang/Object; (5 bytes) @ 0x02e4d160 [0x02e4d140+0x20]
v  ~StubRoutines::call_stub
J 467  java.security.AccessController.doPrivileged(Ljava/security/PrivilegedAction;Ljava/security/AccessControlContext;)Ljava/lang/Object; (0 bytes) @ 0x02e2eac7 [0x02e2ea60+0x67]
J 551 C1 java.security.ProtectionDomain$JavaSecurityAccessImpl.doIntersectionPrivilege(Ljava/security/PrivilegedAction;Ljava/security/AccessControlContext;Ljava/security/AccessControlContext;)Ljava/lang/Object; (22 bytes) @ 0x02e49280 [0x02e49180+0x100]
j  java.security.ProtectionDomain$JavaSecurityAccessImpl.doIntersectionPrivilege(Ljava/security/PrivilegedAction;Ljava/security/AccessControlContext;)Ljava/lang/Object;+6
j  java.awt.EventQueue$4.run()Ljava/lang/Void;+11
j  java.awt.EventQueue$4.run()Ljava/lang/Object;+1
v  ~StubRoutines::call_stub
J 467  java.security.AccessController.doPrivileged(Ljava/security/PrivilegedAction;Ljava/security/AccessControlContext;)Ljava/lang/Object; (0 bytes) @ 0x02e2eac7 [0x02e2ea60+0x67]
J 561 C1 java.awt.EventQueue.dispatchEvent(Ljava/awt/AWTEvent;)V (80 bytes) @ 0x02e4bddc [0x02e4ba80+0x35c]
J 577 C1 java.awt.EventDispatchThread.pumpOneEventForFilters(I)V (190 bytes) @ 0x02e51658 [0x02e51260+0x3f8]
j  java.awt.EventDispatchThread.pumpEventsForFilter(ILjava/awt/Conditional;Ljava/awt/EventFilter;)V+35
j  java.awt.EventDispatchThread.pumpEventsForFilter(Ljava/awt/Conditional;Ljava/awt/EventFilter;)V+4
j  java.awt.WaitDispatchSupport$2.run()V+59
j  java.awt.WaitDispatchSupport$4.run()Ljava/lang/Void;+4
j  java.awt.WaitDispatchSupport$4.run()Ljava/lang/Object;+1
v  ~StubRoutines::call_stub
j  java.security.AccessController.doPrivileged(Ljava/security/PrivilegedAction;)Ljava/lang/Object;+0
j  java.awt.WaitDispatchSupport.enter()Z+325
j  java.awt.Dialog.show()V+233
j  java.awt.Component.show(Z)V+5
j  java.awt.Component.setVisible(Z)V+2
j  java.awt.Window.setVisible(Z)V+2
j  java.awt.Dialog.setVisible(Z)V+2
j  view.JanelaRealizaVenda.inserirProduto()V+97
j  view.JanelaRealizaVenda.jFormattedTextFieldQtdeKeyPressed(Ljava/awt/event/KeyEvent;)V+26
j  view.JanelaRealizaVenda.access$300(Lview/JanelaRealizaVenda;Ljava/awt/event/KeyEvent;)V+2
j  view.JanelaRealizaVenda$4.keyPressed(Ljava/awt/event/KeyEvent;)V+5
j  java.awt.Component.processKeyEvent(Ljava/awt/event/KeyEvent;)V+52
j  javax.swing.JComponent.processKeyEvent(Ljava/awt/event/KeyEvent;)V+2
j  java.awt.Component.processEvent(Ljava/awt/AWTEvent;)V+121
j  java.awt.Container.processEvent(Ljava/awt/AWTEvent;)V+18
j  java.awt.Component.dispatchEventImpl(Ljava/awt/AWTEvent;)V+589
j  java.awt.Container.dispatchEventImpl(Ljava/awt/AWTEvent;)V+42
j  java.awt.Component.dispatchEvent(Ljava/awt/AWTEvent;)V+2
j  java.awt.KeyboardFocusManager.redispatchEvent(Ljava/awt/Component;Ljava/awt/AWTEvent;)V+7
j  java.awt.DefaultKeyboardFocusManager.dispatchKeyEvent(Ljava/awt/event/KeyEvent;)Z+63
j  java.awt.DefaultKeyboardFocusManager.preDispatchKeyEvent(Ljava/awt/event/KeyEvent;)Z+137
j  java.awt.DefaultKeyboardFocusManager.typeAheadAssertions(Ljava/awt/Component;Ljava/awt/AWTEvent;)Z+166
j  java.awt.DefaultKeyboardFocusManager.dispatchEvent(Ljava/awt/AWTEvent;)Z+1632
j  java.awt.Component.dispatchEventImpl(Ljava/awt/AWTEvent;)V+151
j  java.awt.Container.dispatchEventImpl(Ljava/awt/AWTEvent;)V+42
j  java.awt.Window.dispatchEventImpl(Ljava/awt/AWTEvent;)V+19
j  java.awt.Component.dispatchEvent(Ljava/awt/AWTEvent;)V+2
j  java.awt.EventQueue.dispatchEventImpl(Ljava/awt/AWTEvent;Ljava/lang/Object;)V+41
j  java.awt.EventQueue.access$500(Ljava/awt/EventQueue;Ljava/awt/AWTEvent;Ljava/lang/Object;)V+3
j  java.awt.EventQueue$3.run()Ljava/lang/Void;+32
j  java.awt.EventQueue$3.run()Ljava/lang/Object;+1
v  ~StubRoutines::call_stub
J 467  java.security.AccessController.doPrivileged(Ljava/security/PrivilegedAction;Ljava/security/AccessControlContext;)Ljava/lang/Object; (0 bytes) @ 0x02e2eac7 [0x02e2ea60+0x67]
j  java.security.ProtectionDomain$JavaSecurityAccessImpl.doIntersectionPrivilege(Ljava/security/PrivilegedAction;Ljava/security/AccessControlContext;Ljava/security/AccessControlContext;)Ljava/lang/Object;+18
j  java.security.ProtectionDomain$JavaSecurityAccessImpl.doIntersectionPrivilege(Ljava/security/PrivilegedAction;Ljava/security/AccessControlContext;)Ljava/lang/Object;+6
j  java.awt.EventQueue$4.run()Ljava/lang/Void;+11
j  java.awt.EventQueue$4.run()Ljava/lang/Object;+1
v  ~StubRoutines::call_stub
J 467  java.security.AccessController.doPrivileged(Ljava/security/PrivilegedAction;Ljava/security/AccessControlContext;)Ljava/lang/Object; (0 bytes) @ 0x02e2eac7 [0x02e2ea60+0x67]
j  java.security.ProtectionDomain$JavaSecurityAccessImpl.doIntersectionPrivilege(Ljava/security/PrivilegedAction;Ljava/security/AccessControlContext;Ljava/security/AccessControlContext;)Ljava/lang/Object;+18
j  java.awt.EventQueue.dispatchEvent(Ljava/awt/AWTEvent;)V+73
j  java.awt.EventDispatchThread.pumpOneEventForFilters(I)V+140
j  java.awt.EventDispatchThread.pumpEventsForFilter(ILjava/awt/Conditional;Ljava/awt/EventFilter;)V+35
j  java.awt.EventDispatchThread.pumpEventsForHierarchy(ILjava/awt/Conditional;Ljava/awt/Component;)V+11
j  java.awt.EventDispatchThread.pumpEvents(ILjava/awt/Conditional;)V+4
j  java.awt.EventDispatchThread.pumpEvents(Ljava/awt/Conditional;)V+3
j  java.awt.EventDispatchThread.run()V+9
v  ~StubRoutines::call_stub

---------------  P R O C E S S  ---------------

Java Threads: ( => current thread )
  0x1580d400 JavaThread "TimerQueue" daemon [_thread_blocked, id=1492, stack(0x16f80000,0x16fd0000)]
  0x175acc00 JavaThread "Abandoned connection cleanup thread" daemon [_thread_blocked, id=9872, stack(0x16ef0000,0x16f40000)]
  0x0119c800 JavaThread "DestroyJavaVM" [_thread_blocked, id=6624, stack(0x01310000,0x01360000)]
=>0x1585d000 JavaThread "AWT-EventQueue-0" [_thread_in_vm, id=8104, stack(0x160c0000,0x16110000)]
  0x1582e800 JavaThread "AWT-Windows" daemon [_thread_in_native, id=5432, stack(0x15be0000,0x15c30000)]
  0x1582e000 JavaThread "AWT-Shutdown" [_thread_blocked, id=8728, stack(0x15b50000,0x15ba0000)]
  0x1582d800 JavaThread "Java2D Disposer" daemon [_thread_blocked, id=9556, stack(0x15ac0000,0x15b10000)]
  0x02ca1c00 JavaThread "Service Thread" daemon [_thread_blocked, id=5672, stack(0x15690000,0x156e0000)]
  0x02c80c00 JavaThread "C1 CompilerThread0" daemon [_thread_blocked, id=10016, stack(0x15600000,0x15650000)]
  0x02c7fc00 JavaThread "Attach Listener" daemon [_thread_blocked, id=7572, stack(0x15570000,0x155c0000)]
  0x02c76400 JavaThread "Signal Dispatcher" daemon [_thread_blocked, id=7952, stack(0x154e0000,0x15530000)]
  0x02c74800 JavaThread "Finalizer" daemon [_thread_blocked, id=9668, stack(0x15340000,0x15390000)]
  0x02c16800 JavaThread "Reference Handler" daemon [_thread_blocked, id=2760, stack(0x152b0000,0x15300000)]

Other Threads:
  0x02c13c00 VMThread [stack: 0x15260000,0x152b0000] [id=8468]
  0x02cb7c00 WatcherThread [stack: 0x15720000,0x15770000] [id=10404]

VM state:not at safepoint (normal execution)

VM Mutex/Monitor currently owned by a thread: None

Heap:
 def new generation   total 4928K, used 2613K [0x04e00000, 0x05350000, 0x0a350000)
  eden space 4416K,  56% used [0x04e00000, 0x0506cc48, 0x05250000)
  from space 512K,  25% used [0x052d0000, 0x052f0970, 0x05350000)
  to   space 512K,   0% used [0x05250000, 0x05250000, 0x052d0000)
 tenured generation   total 10944K, used 10866K [0x0a350000, 0x0ae00000, 0x14e00000)
   the space 10944K,  99% used [0x0a350000, 0x0adec980, 0x0adeca00, 0x0ae00000)
 Metaspace       used 2759K, capacity 3807K, committed 3904K, reserved 4480K

Card table byte_map: [0x04cf0000,0x04d80000] byte_map_base: 0x04cc9000

Polling page: 0x01140000

CodeCache: size=32768Kb used=1426Kb max_used=1426Kb free=31341Kb
 bounds [0x02cf0000, 0x02e58000, 0x04cf0000]
 total_blobs=834 nmethods=582 adapters=183
 compilation: enabled

Compilation events (10 events):
Event: 12.051 Thread 0x02c80c00  582             sun.font.FontDesignMetrics::getHeight (35 bytes)
Event: 12.052 Thread 0x02c80c00 nmethod 582 0x02e53248 code [0x02e53350, 0x02e53450]
Event: 12.052 Thread 0x02c80c00  583             sun.java2d.SunGraphics2D::dispose (12 bytes)
Event: 12.052 Thread 0x02c80c00 nmethod 583 0x02e53488 code [0x02e53590, 0x02e5362c]
Event: 12.080 Thread 0x02c80c00  584             java.util.concurrent.locks.ReentrantLock$NonfairSync::tryAcquire (6 bytes)
Event: 12.080 Thread 0x02c80c00 nmethod 584 0x02e53688 code [0x02e53780, 0x02e5380c]
Event: 12.080 Thread 0x02c80c00  585             sun.java2d.SunGraphics2D::setFont (105 bytes)
Event: 12.081 Thread 0x02c80c00 nmethod 585 0x02e53888 code [0x02e539a0, 0x02e53c68]
Event: 12.128 Thread 0x02c80c00  586             sun.java2d.SurfaceData::isValid (5 bytes)
Event: 12.128 Thread 0x02c80c00 nmethod 586 0x02e53dc8 code [0x02e53ec0, 0x02e53f40]

GC Heap History (10 events):
Event: 0.262 GC heap before
{Heap before GC invocations=0 (full 0):
 def new generation   total 4928K, used 4416K [0x04e00000, 0x05350000, 0x0a350000)
  eden space 4416K, 100% used [0x04e00000, 0x05250000, 0x05250000)
  from space 512K,   0% used [0x05250000, 0x05250000, 0x052d0000)
  to   space 512K,   0% used [0x052d0000, 0x052d0000, 0x05350000)
 tenured generation   total 10944K, used 0K [0x0a350000, 0x0ae00000, 0x14e00000)
   the space 10944K,   0% used [0x0a350000, 0x0a350000, 0x0a350200, 0x0ae00000)
 Metaspace       used 813K, capacity 2606K, committed 2624K, reserved 4480K
Event: 0.268 GC heap after
Heap after GC invocations=1 (full 0):
 def new generation   total 4928K, used 512K [0x04e00000, 0x05350000, 0x0a350000)
  eden space 4416K,   0% used [0x04e00000, 0x04e00000, 0x05250000)
  from space 512K, 100% used [0x052d0000, 0x05350000, 0x05350000)
  to   space 512K,   0% used [0x05250000, 0x05250000, 0x052d0000)
 tenured generation   total 10944K, used 1036K [0x0a350000, 0x0ae00000, 0x14e00000)
   the space 10944K,   9% used [0x0a350000, 0x0a4533a8, 0x0a453400, 0x0ae00000)
 Metaspace       used 813K, capacity 2606K, committed 2624K, reserved 4480K
}
Event: 0.500 GC heap before
{Heap before GC invocations=1 (full 0):
 def new generation   total 4928K, used 4928K [0x04e00000, 0x05350000, 0x0a350000)
  eden space 4416K, 100% used [0x04e00000, 0x05250000, 0x05250000)
  from space 512K, 100% used [0x052d0000, 0x05350000, 0x05350000)
  to   space 512K,   0% used [0x05250000, 0x05250000, 0x052d0000)
 tenured generation   total 10944K, used 1036K [0x0a350000, 0x0ae00000, 0x14e00000)
   the space 10944K,   9% used [0x0a350000, 0x0a4533a8, 0x0a453400, 0x0ae00000)
 Metaspace       used 1596K, capacity 3133K, committed 3136K, reserved 4480K
Event: 0.505 GC heap after
Heap after GC invocations=2 (full 0):
 def new generation   total 4928K, used 512K [0x04e00000, 0x05350000, 0x0a350000)
  eden space 4416K,   0% used [0x04e00000, 0x04e00000, 0x05250000)
  from space 512K, 100% used [0x05250000, 0x052d0000, 0x052d0000)
  to   space 512K,   0% used [0x052d0000, 0x052d0000, 0x05350000)
 tenured generation   total 10944K, used 2262K [0x0a350000, 0x0ae00000, 0x14e00000)
   the space 10944K,  20% used [0x0a350000, 0x0a585aa0, 0x0a585c00, 0x0ae00000)
 Metaspace       used 1596K, capacity 3133K, committed 3136K, reserved 4480K
}
Event: 0.729 GC heap before
{Heap before GC invocations=2 (full 0):
 def new generation   total 4928K, used 3729K [0x04e00000, 0x05350000, 0x0a350000)
  eden space 4416K,  72% used [0x04e00000, 0x05124740, 0x05250000)
  from space 512K, 100% used [0x05250000, 0x052d0000, 0x052d0000)
  to   space 512K,   0% used [0x052d0000, 0x052d0000, 0x05350000)
 tenured generation   total 10944K, used 2262K [0x0a350000, 0x0ae00000, 0x14e00000)
   the space 10944K,  20% used [0x0a350000, 0x0a585aa0, 0x0a585c00, 0x0ae00000)
 Metaspace       used 2306K, capacity 3741K, committed 3776K, reserved 4480K
Event: 0.735 GC heap after
Heap after GC invocations=3 (full 0):
 def new generation   total 4928K, used 512K [0x04e00000, 0x05350000, 0x0a350000)
  eden space 4416K,   0% used [0x04e00000, 0x04e00000, 0x05250000)
  from space 512K, 100% used [0x052d0000, 0x05350000, 0x05350000)
  to   space 512K,   0% used [0x05250000, 0x05250000, 0x052d0000)
 tenured generation   total 10944K, used 3148K [0x0a350000, 0x0ae00000, 0x14e00000)
   the space 10944K,  28% used [0x0a350000, 0x0a6631a0, 0x0a663200, 0x0ae00000)
 Metaspace       used 2306K, capacity 3741K, committed 3776K, reserved 4480K
}
Event: 0.786 GC heap before
{Heap before GC invocations=3 (full 0):
 def new generation   total 4928K, used 4249K [0x04e00000, 0x05350000, 0x0a350000)
  eden space 4416K,  84% used [0x04e00000, 0x051a6650, 0x05250000)
  from space 512K, 100% used [0x052d0000, 0x05350000, 0x05350000)
  to   space 512K,   0% used [0x05250000, 0x05250000, 0x052d0000)
 tenured generation   total 10944K, used 3148K [0x0a350000, 0x0ae00000, 0x14e00000)
   the space 10944K,  28% used [0x0a350000, 0x0a6631a0, 0x0a663200, 0x0ae00000)
 Metaspace       used 2325K, capacity 3741K, committed 3776K, reserved 4480K
Event: 0.790 GC heap after
Heap after GC invocations=4 (full 0):
 def new generation   total 4928K, used 57K [0x04e00000, 0x05350000, 0x0a350000)
  eden space 4416K,   0% used [0x04e00000, 0x04e00000, 0x05250000)
  from space 512K,  11% used [0x05250000, 0x0525e588, 0x052d0000)
  to   space 512K,   0% used [0x052d0000, 0x052d0000, 0x05350000)
 tenured generation   total 10944K, used 7104K [0x0a350000, 0x0ae00000, 0x14e00000)
   the space 10944K,  64% used [0x0a350000, 0x0aa40218, 0x0aa40400, 0x0ae00000)
 Metaspace       used 2325K, capacity 3741K, committed 3776K, reserved 4480K
}
Event: 2.638 GC heap before
{Heap before GC invocations=4 (full 0):
 def new generation   total 4928K, used 4473K [0x04e00000, 0x05350000, 0x0a350000)
  eden space 4416K, 100% used [0x04e00000, 0x05250000, 0x05250000)
  from space 512K,  11% used [0x05250000, 0x0525e588, 0x052d0000)
  to   space 512K,   0% used [0x052d0000, 0x052d0000, 0x05350000)
 tenured generation   total 10944K, used 7104K [0x0a350000, 0x0ae00000, 0x14e00000)
   the space 10944K,  64% used [0x0a350000, 0x0aa40218, 0x0aa40400, 0x0ae00000)
 Metaspace       used 2374K, capacity 3741K, committed 3776K, reserved 4480K
Event: 2.642 GC heap after
Heap after GC invocations=5 (full 0):
 def new generation   total 4928K, used 130K [0x04e00000, 0x05350000, 0x0a350000)
  eden space 4416K,   0% used [0x04e00000, 0x04e00000, 0x05250000)
  from space 512K,  25% used [0x052d0000, 0x052f0970, 0x05350000)
  to   space 512K,   0% used [0x05250000, 0x05250000, 0x052d0000)
 tenured generation   total 10944K, used 10866K [0x0a350000, 0x0ae00000, 0x14e00000)
   the space 10944K,  99% used [0x0a350000, 0x0adec980, 0x0adeca00, 0x0ae00000)
 Metaspace       used 2374K, capacity 3741K, committed 3776K, reserved 4480K
}

Deoptimization events (0 events):
No events

Classes redefined (0 events):
No events

Internal exceptions (10 events):
Event: 0.029 Thread 0x0119c800 Exception <a 'java/lang/NoSuchMethodError': Method sun.misc.Unsafe.defineClass(Ljava/lang/String;[BII)Ljava/lang/Class; name or signature does not match> (0x04e079d0) thrown at [C:\re\workspace\8-2-build-windows-i586-cygwin\jdk8u171\10807\hotspot\src\shar
Event: 0.029 Thread 0x0119c800 Exception <a 'java/lang/NoSuchMethodError': Method sun.misc.Unsafe.prefetchRead(Ljava/lang/Object;J)V name or signature does not match> (0x04e07ca0) thrown at [C:\re\workspace\8-2-build-windows-i586-cygwin\jdk8u171\10807\hotspot\src\share\vm\prims\jni.cpp
Event: 0.074 Thread 0x0119c800 Exception <a 'java/security/PrivilegedActionException'> (0x04eb9538) thrown at [C:\re\workspace\8-2-build-windows-i586-cygwin\jdk8u171\10807\hotspot\src\share\vm\prims\jvm.cpp, line 1435]
Event: 0.074 Thread 0x0119c800 Exception <a 'java/security/PrivilegedActionException'> (0x04eb9738) thrown at [C:\re\workspace\8-2-build-windows-i586-cygwin\jdk8u171\10807\hotspot\src\share\vm\prims\jvm.cpp, line 1435]
Event: 0.075 Thread 0x0119c800 Exception <a 'java/security/PrivilegedActionException'> (0x04ebd810) thrown at [C:\re\workspace\8-2-build-windows-i586-cygwin\jdk8u171\10807\hotspot\src\share\vm\prims\jvm.cpp, line 1435]
Event: 0.075 Thread 0x0119c800 Exception <a 'java/security/PrivilegedActionException'> (0x04ebda10) thrown at [C:\re\workspace\8-2-build-windows-i586-cygwin\jdk8u171\10807\hotspot\src\share\vm\prims\jvm.cpp, line 1435]
Event: 0.080 Thread 0x0119c800 Exception <a 'java/io/FileNotFoundException'> (0x04ec32d0) thrown at [C:\re\workspace\8-2-build-windows-i586-cygwin\jdk8u171\10807\hotspot\src\share\vm\prims\jni.cpp, line 709]
Event: 0.109 Thread 0x0119c800 Exception <a 'java/lang/NoSuchFieldError': method resolution failed> (0x04f818d0) thrown at [C:\re\workspace\8-2-build-windows-i586-cygwin\jdk8u171\10807\hotspot\src\share\vm\prims\methodHandles.cpp, line 1167]
Event: 0.110 Thread 0x0119c800 Exception <a 'java/lang/NoSuchFieldError': method resolution failed> (0x04f8da00) thrown at [C:\re\workspace\8-2-build-windows-i586-cygwin\jdk8u171\10807\hotspot\src\share\vm\prims\methodHandles.cpp, line 1167]
Event: 0.155 Thread 0x0119c800 Exception <a 'java/io/FileNotFoundException'> (0x05073cd0) thrown at [C:\re\workspace\8-2-build-windows-i586-cygwin\jdk8u171\10807\hotspot\src\share\vm\prims\jni.cpp, line 709]

Events (10 events):
Event: 8.907 Executing VM operation: BulkRevokeBias
Event: 8.907 Executing VM operation: BulkRevokeBias done
Event: 10.623 loading class java/awt/event/MouseWheelEvent
Event: 10.623 loading class java/awt/event/MouseWheelEvent done
Event: 12.152 loading class model/dao/ClienteDAO
Event: 12.152 loading class model/dao/ClienteDAO done
Event: 12.153 loading class view/JanelaRealizaVenda$StructureRealizarVenda
Event: 12.153 loading class view/JanelaRealizaVenda$StructureRealizarVenda done
Event: 12.153 loading class bemajava/Bematech
Event: 12.153 loading class bemajava/Bematech done


Dynamic libraries:
0x00fc0000 - 0x00ff3000 	C:\Program Files (x86)\Java\jdk1.8.0_171\bin\java.exe
0x77cc0000 - 0x77e50000 	C:\WINDOWS\SYSTEM32\ntdll.dll
0x74840000 - 0x74920000 	C:\WINDOWS\System32\KERNEL32.DLL
0x74600000 - 0x747e4000 	C:\WINDOWS\System32\KERNELBASE.dll
0x68ec0000 - 0x68f5d000 	C:\WINDOWS\SYSTEM32\apphelp.dll
0x75810000 - 0x75888000 	C:\WINDOWS\System32\ADVAPI32.dll
0x755e0000 - 0x7569f000 	C:\WINDOWS\System32\msvcrt.dll
0x745b0000 - 0x745f4000 	C:\WINDOWS\System32\sechost.dll
0x75270000 - 0x75330000 	C:\WINDOWS\System32\RPCRT4.dll
0x74580000 - 0x745a0000 	C:\WINDOWS\System32\SspiCli.dll
0x74570000 - 0x7457a000 	C:\WINDOWS\System32\CRYPTBASE.dll
0x74ba0000 - 0x74bf8000 	C:\WINDOWS\System32\bcryptPrimitives.dll
0x77890000 - 0x77a1d000 	C:\WINDOWS\System32\USER32.dll
0x77bb0000 - 0x77bc7000 	C:\WINDOWS\System32\win32u.dll
0x77500000 - 0x77522000 	C:\WINDOWS\System32\GDI32.dll
0x77a20000 - 0x77b84000 	C:\WINDOWS\System32\gdi32full.dll
0x751f0000 - 0x7526d000 	C:\WINDOWS\System32\msvcp_win.dll
0x74a80000 - 0x74b9e000 	C:\WINDOWS\System32\ucrtbase.dll
0x6f2f0000 - 0x6f4f4000 	C:\WINDOWS\WinSxS\x86_microsoft.windows.common-controls_6595b64144ccf1df_6.0.17134.165_none_42efcd1c44e192b2\COMCTL32.dll
0x75380000 - 0x755dc000 	C:\WINDOWS\System32\combase.dll
0x74c00000 - 0x74c26000 	C:\WINDOWS\System32\IMM32.DLL
0x68d70000 - 0x68e2f000 	C:\Program Files (x86)\Java\jdk1.8.0_171\jre\bin\msvcr100.dll
0x683e0000 - 0x687b1000 	C:\Program Files (x86)\Java\jdk1.8.0_171\jre\bin\client\jvm.dll
0x756f0000 - 0x756f6000 	C:\WINDOWS\System32\PSAPI.DLL
0x74560000 - 0x74568000 	C:\WINDOWS\SYSTEM32\WSOCK32.dll
0x74500000 - 0x74508000 	C:\WINDOWS\SYSTEM32\VERSION.dll
0x77670000 - 0x776d7000 	C:\WINDOWS\System32\WS2_32.dll
0x6f610000 - 0x6f634000 	C:\WINDOWS\SYSTEM32\WINMM.dll
0x6f5a0000 - 0x6f5c3000 	C:\WINDOWS\SYSTEM32\winmmbase.dll
0x74800000 - 0x74839000 	C:\WINDOWS\System32\cfgmgr32.dll
0x6f680000 - 0x6f68c000 	C:\Program Files (x86)\Java\jdk1.8.0_171\jre\bin\verify.dll
0x68d10000 - 0x68d32000 	C:\Program Files (x86)\Java\jdk1.8.0_171\jre\bin\java.dll
0x68cf0000 - 0x68d04000 	C:\Program Files (x86)\Java\jdk1.8.0_171\jre\bin\zip.dll
0x76060000 - 0x773aa000 	C:\WINDOWS\System32\SHELL32.dll
0x75890000 - 0x75918000 	C:\WINDOWS\System32\shcore.dll
0x74c30000 - 0x751ea000 	C:\WINDOWS\System32\windows.storage.dll
0x757c0000 - 0x75805000 	C:\WINDOWS\System32\shlwapi.dll
0x74a70000 - 0x74a7f000 	C:\WINDOWS\System32\kernel.appcore.dll
0x77870000 - 0x77888000 	C:\WINDOWS\System32\profapi.dll
0x756a0000 - 0x756e5000 	C:\WINDOWS\System32\powrprof.dll
0x745a0000 - 0x745a8000 	C:\WINDOWS\System32\FLTLIB.DLL
0x68270000 - 0x683b5000 	C:\Program Files (x86)\Java\jdk1.8.0_171\jre\bin\awt.dll
0x775d0000 - 0x77666000 	C:\WINDOWS\System32\OLEAUT32.dll
0x6e870000 - 0x6e8ec000 	C:\WINDOWS\system32\uxtheme.dll
0x74920000 - 0x74a64000 	C:\WINDOWS\System32\MSCTF.dll
0x6f5d0000 - 0x6f5f3000 	C:\WINDOWS\system32\dwmapi.dll
0x77770000 - 0x7786c000 	C:\WINDOWS\System32\ole32.dll
0x65c50000 - 0x65d29000 	C:\WINDOWS\system32\opengl32.dll
0x68050000 - 0x6808f000 	C:\WINDOWS\SYSTEM32\GLU32.dll
0x680f0000 - 0x68129000 	C:\Program Files (x86)\Java\jdk1.8.0_171\jre\bin\fontmanager.dll
0x683c0000 - 0x683d5000 	C:\Program Files (x86)\Java\jdk1.8.0_171\jre\bin\net.dll
0x73f60000 - 0x73fb6000 	C:\WINDOWS\system32\mswsock.dll
0x6cf80000 - 0x6cf8f000 	C:\Program Files (x86)\Java\jdk1.8.0_171\jre\bin\nio.dll
0x776e0000 - 0x77763000 	C:\WINDOWS\System32\clbcatq.dll
0x6bce0000 - 0x6be51000 	C:\WINDOWS\SYSTEM32\WindowsCodecs.dll
0x6bbf0000 - 0x6bc3f000 	C:\WINDOWS\system32\dataexchange.dll
0x6c660000 - 0x6c8b2000 	C:\WINDOWS\system32\d3d11.dll
0x6bab0000 - 0x6bbec000 	C:\WINDOWS\system32\dcomp.dll
0x6cfd0000 - 0x6d068000 	C:\WINDOWS\system32\dxgi.dll
0x68b80000 - 0x68ce5000 	C:\WINDOWS\system32\twinapi.appcore.dll
0x6e140000 - 0x6e15a000 	C:\WINDOWS\system32\RMCLIENT.dll
0x67f70000 - 0x67fa2000 	C:\Program Files (x86)\Java\jdk1.8.0_171\jre\bin\t2k.dll
0x71370000 - 0x713fe000 	C:\WINDOWS\SYSTEM32\DNSAPI.dll
0x77530000 - 0x77537000 	C:\WINDOWS\System32\NSI.dll
0x73480000 - 0x734b0000 	C:\WINDOWS\SYSTEM32\IPHLPAPI.DLL
0x71350000 - 0x71358000 	C:\Windows\System32\rasadhlp.dll
0x71830000 - 0x7187f000 	C:\WINDOWS\System32\fwpuclnt.dll
0x729b0000 - 0x729c9000 	C:\WINDOWS\SYSTEM32\bcrypt.dll
0x6e3c0000 - 0x6e43e000 	C:\WINDOWS\System32\TextInputFramework.dll
0x6db20000 - 0x6dd7d000 	C:\WINDOWS\System32\CoreUIComponents.dll
0x6e330000 - 0x6e3bb000 	C:\WINDOWS\System32\CoreMessaging.dll
0x6e1c0000 - 0x6e296000 	C:\WINDOWS\SYSTEM32\wintypes.dll
0x73d60000 - 0x73d89000 	C:\WINDOWS\SYSTEM32\ntmarta.dll
0x67e90000 - 0x67f1f000 	C:\WINDOWS\WinSxS\x86_microsoft.windows.common-controls_6595b64144ccf1df_5.82.17134.165_none_41017d7245101fdb\comctl32.dll
0x60410000 - 0x606ee000 	C:\Windows\System32\BemaFI32.dll
0x6d070000 - 0x6d1f2000 	C:\WINDOWS\SYSTEM32\dbghelp.dll

VM Arguments:
jvm_args: -Dfile.encoding=UTF-8 
java_command: view.JanelaRealizaVenda
java_class_path (initial): C:\Program Files\NetBeans 8.2\ide\modules\ext\mysql-connector-java-5.1.23-bin.jar;C:\Users\gabri\OneDrive\Música\Documentos\NetBeansProjects\EasySistemTelas\src\fiscal\Bematech.jar;C:\Users\gabri\OneDrive\Música\Documentos\NetBeansProjects\EasySistemTelas\build\classes
Launcher Type: SUN_STANDARD

Environment Variables:
JAVA_HOME=C:\Program Files\Java\jdk1.8.0_161
PATH=C:\Program Files (x86)\Common Files\Oracle\Java\javapath;C:\ProgramData\Oracle\Java\javapath;C:\WINDOWS\system32;C:\WINDOWS;C:\WINDOWS\System32\Wbem;C:\WINDOWS\System32\WindowsPowerShell\v1.0\;C:\Program Files\nodejs\;C:\WINDOWS\System32\OpenSSH\;C:\Users\gabri\AppData\Local\Microsoft\WindowsApps;C:\Users\gabri\AppData\Roaming\npm;C:\Users\gabri\AppData\Local\Android\Sdk\platform-tools;C:\Users\gabri\AppData\Local\GitHubDesktop\bin;C:\xampp\php;C:\Program Files\Microsoft VS Code\bin;C:\Users\gabri\AppData\Local\Microsoft\WindowsApps
USERNAME=gabri
OS=Windows_NT
PROCESSOR_IDENTIFIER=Intel64 Family 6 Model 78 Stepping 3, GenuineIntel



---------------  S Y S T E M  ---------------

OS: Windows 10.0 , 64 bit Build 17134 (10.0.17134.1)

CPU:total 4 (initial active 4) (2 cores per cpu, 2 threads per core) family 6 model 78 stepping 3, cmov, cx8, fxsr, mmx, sse, sse2, sse3, ssse3, sse4.1, sse4.2, popcnt, avx, avx2, aes, clmul, erms, rtm, 3dnowpref, lzcnt, ht, tsc, tscinvbit, bmi1, bmi2, adx

Memory: 4k page, physical 4077804k(1470852k free), swap 6437100k(2824996k free)

vm_info: Java HotSpot(TM) Client VM (25.171-b11) for windows-x86 JRE (1.8.0_171-b11), built on Mar 28 2018 14:51:22 by "java_re" with MS VC++ 10.0 (VS2010)

time: Thu Jul 19 17:29:27 2018
elapsed time: 12 seconds (0d 0h 0m 12s)

