#
# A fatal error has been detected by the Java Runtime Environment:
#
#  EXCEPTION_ACCESS_VIOLATION (0xc0000005) at pc=0x684bb34e, pid=7748, tid=0x0000272c
#
# JRE version: Java(TM) SE Runtime Environment (8.0_171-b11) (build 1.8.0_171-b11)
# Java VM: Java HotSpot(TM) Client VM (25.171-b11 mixed mode, sharing windows-x86 )
# Problematic frame:
# V  [jvm.dll+0xdb34e]
#
# Failed to write core dump. Minidumps are not enabled by default on client versions of Windows
#
# If you would like to submit a bug report, please visit:
#   http://bugreport.java.com/bugreport/crash.jsp
#

---------------  T H R E A D  ---------------

Current thread (0x15808c00):  JavaThread "AWT-EventQueue-0" [_thread_in_vm, id=10028, stack(0x15c40000,0x15c90000)]

siginfo: ExceptionCode=0xc0000005, reading address 0x00000000

Registers:
EAX=0x00000000, EBX=0x00000000, ECX=0x00000000, EDX=0x00000000
ESP=0x15c8ce88, EBP=0x15c8ceb8, ESI=0x151b2560, EDI=0x15808c00
EIP=0x684bb34e, EFLAGS=0x00210246

Top of Stack: (sp=0x15c8ce88)
0x15c8ce88:   15808c00 151b2560 151b2560 15c8cebc
0x15c8ce98:   684613c0 15808c00 00000006 00000008
0x15c8cea8:   15808c00 00000000 151b2560 151b2560
0x15c8ceb8:   15c8cf08 6041b336 15808c00 00000000
0x15c8cec8:   00000000 02d4daf1 15808d40 15c8cf10
0x15c8ced8:   00000000 151b40f0 151b2560 02d4d8c6
0x15c8cee8:   15c8cee8 151b2560 15c8cf18 151b4078
0x15c8cef8:   00000000 151b2560 00000000 15c8cf18 

Instructions: (pc=0x684bb34e)
0x684bb32e:   e8 ad c0 f2 ff 33 db 83 c4 08 89 7d f0 89 5d f4
0x684bb33e:   39 5f 04 74 08 8d 4d f0 e8 05 e0 0c 00 8b 45 0c
0x684bb34e:   8b 30 8b 0d 48 b4 75 68 39 1c 31 74 45 56 e8 0f
0x684bb35e:   9c f6 ff 83 c4 04 6a 00 6a 00 8d 4d dc 8d 78 01 


Register to memory mapping:

EAX=0x00000000 is an unknown value
EBX=0x00000000 is an unknown value
ECX=0x00000000 is an unknown value
EDX=0x00000000 is an unknown value
ESP=0x15c8ce88 is pointing into the stack for thread: 0x15808c00
EBP=0x15c8ceb8 is pointing into the stack for thread: 0x15808c00
ESI={method} {0x151b2564} 'ProgramaOperador' '(Ljava/lang/String;)I' in 'bemajava/Bematech'
EDI=0x15808c00 is a thread


Stack: [0x15c40000,0x15c90000],  sp=0x15c8ce88,  free space=307k
Native frames: (J=compiled Java code, j=interpreted, Vv=VM code, C=native code)
V  [jvm.dll+0xdb34e]
C  [BemaFI32.dll+0xb336]
j  view.JanelaEmitirNotaFiscal.fiscal()V+5
j  view.JanelaEmitirNotaFiscal.jButtonCadastrarActionPerformed(Ljava/awt/event/ActionEvent;)V+9
j  view.JanelaEmitirNotaFiscal.access$500(Lview/JanelaEmitirNotaFiscal;Ljava/awt/event/ActionEvent;)V+2
j  view.JanelaEmitirNotaFiscal$6.actionPerformed(Ljava/awt/event/ActionEvent;)V+5
j  javax.swing.AbstractButton.fireActionPerformed(Ljava/awt/event/ActionEvent;)V+83
j  javax.swing.AbstractButton$Handler.actionPerformed(Ljava/awt/event/ActionEvent;)V+5
j  javax.swing.DefaultButtonModel.fireActionPerformed(Ljava/awt/event/ActionEvent;)V+34
j  javax.swing.DefaultButtonModel.setPressed(Z)V+117
j  javax.swing.plaf.basic.BasicButtonListener.mouseReleased(Ljava/awt/event/MouseEvent;)V+35
j  java.awt.Component.processMouseEvent(Ljava/awt/event/MouseEvent;)V+64
j  javax.swing.JComponent.processMouseEvent(Ljava/awt/event/MouseEvent;)V+23
j  java.awt.Component.processEvent(Ljava/awt/AWTEvent;)V+81
j  java.awt.Container.processEvent(Ljava/awt/AWTEvent;)V+18
j  java.awt.Component.dispatchEventImpl(Ljava/awt/AWTEvent;)V+589
J 691 C1 java.awt.Container.dispatchEventImpl(Ljava/awt/AWTEvent;)V (129 bytes) @ 0x02ebebfc [0x02ebeba0+0x5c]
J 440 C1 java.awt.LightweightDispatcher.retargetMouseEvent(Ljava/awt/Component;ILjava/awt/event/MouseEvent;)V (350 bytes) @ 0x02e7a060 [0x02e79990+0x6d0]
j  java.awt.LightweightDispatcher.processMouseEvent(Ljava/awt/event/MouseEvent;)Z+155
j  java.awt.LightweightDispatcher.dispatchEvent(Ljava/awt/AWTEvent;)Z+50
J 691 C1 java.awt.Container.dispatchEventImpl(Ljava/awt/AWTEvent;)V (129 bytes) @ 0x02ebebe0 [0x02ebeba0+0x40]
j  java.awt.Window.dispatchEventImpl(Ljava/awt/AWTEvent;)V+19
J 544 C1 java.awt.EventQueue.dispatchEventImpl(Ljava/awt/AWTEvent;Ljava/lang/Object;)V (149 bytes) @ 0x02e96edc [0x02e96a90+0x44c]
J 541 C1 java.awt.EventQueue$3.run()Ljava/lang/Void; (60 bytes) @ 0x02e9621c [0x02e961c0+0x5c]
J 540 C1 java.awt.EventQueue$3.run()Ljava/lang/Object; (5 bytes) @ 0x02e95fa0 [0x02e95f80+0x20]
v  ~StubRoutines::call_stub
V  [jvm.dll+0x15b985]
V  [jvm.dll+0x22262e]
V  [jvm.dll+0x15ba1e]
V  [jvm.dll+0x10bbaf]
C  [java.dll+0x102f]
J 625 C1 java.awt.EventQueue$4.run()Ljava/lang/Object; (5 bytes) @ 0x02eada98 [0x02ead9d0+0xc8]
v  ~StubRoutines::call_stub
V  [jvm.dll+0x15b985]
V  [jvm.dll+0x22262e]
V  [jvm.dll+0x15ba1e]
V  [jvm.dll+0x10bbaf]
C  [java.dll+0x102f]
J 536 C1 java.awt.EventQueue.dispatchEvent(Ljava/awt/AWTEvent;)V (80 bytes) @ 0x02e94c1c [0x02e948c0+0x35c]
J 550 C1 java.awt.EventDispatchThread.pumpOneEventForFilters(I)V (190 bytes) @ 0x02e99a98 [0x02e996a0+0x3f8]
j  java.awt.EventDispatchThread.pumpEventsForFilter(ILjava/awt/Conditional;Ljava/awt/EventFilter;)V+35
j  java.awt.EventDispatchThread.pumpEventsForFilter(Ljava/awt/Conditional;Ljava/awt/EventFilter;)V+4
j  java.awt.WaitDispatchSupport$2.run()V+59
j  java.awt.WaitDispatchSupport$4.run()Ljava/lang/Void;+4
j  java.awt.WaitDispatchSupport$4.run()Ljava/lang/Object;+1
v  ~StubRoutines::call_stub
V  [jvm.dll+0x15b985]
V  [jvm.dll+0x22262e]
V  [jvm.dll+0x15ba1e]
V  [jvm.dll+0x10bbaf]
C  [java.dll+0x1015]
j  java.awt.WaitDispatchSupport.enter()Z+325
j  java.awt.Dialog.show()V+233
j  java.awt.Component.show(Z)V+5
j  java.awt.Component.setVisible(Z)V+2
j  java.awt.Window.setVisible(Z)V+2
j  java.awt.Dialog.setVisible(Z)V+2
j  view.JanelaRealizaVenda.inserirProduto()V+97
j  view.JanelaRealizaVenda.jFormattedTextFieldQtdeKeyPressed(Ljava/awt/event/KeyEvent;)V+26
j  view.JanelaRealizaVenda.access$300(Lview/JanelaRealizaVenda;Ljava/awt/event/KeyEvent;)V+2
j  view.JanelaRealizaVenda$4.keyPressed(Ljava/awt/event/KeyEvent;)V+5
j  java.awt.Component.processKeyEvent(Ljava/awt/event/KeyEvent;)V+52
j  javax.swing.JComponent.processKeyEvent(Ljava/awt/event/KeyEvent;)V+2
j  java.awt.Component.processEvent(Ljava/awt/AWTEvent;)V+121
j  java.awt.Container.processEvent(Ljava/awt/AWTEvent;)V+18
j  java.awt.Component.dispatchEventImpl(Ljava/awt/AWTEvent;)V+589
j  java.awt.Container.dispatchEventImpl(Ljava/awt/AWTEvent;)V+42
j  java.awt.Component.dispatchEvent(Ljava/awt/AWTEvent;)V+2
j  java.awt.KeyboardFocusManager.redispatchEvent(Ljava/awt/Component;Ljava/awt/AWTEvent;)V+7
j  java.awt.DefaultKeyboardFocusManager.dispatchKeyEvent(Ljava/awt/event/KeyEvent;)Z+63
j  java.awt.DefaultKeyboardFocusManager.preDispatchKeyEvent(Ljava/awt/event/KeyEvent;)Z+137
j  java.awt.DefaultKeyboardFocusManager.typeAheadAssertions(Ljava/awt/Component;Ljava/awt/AWTEvent;)Z+166
j  java.awt.DefaultKeyboardFocusManager.dispatchEvent(Ljava/awt/AWTEvent;)Z+1632
j  java.awt.Component.dispatchEventImpl(Ljava/awt/AWTEvent;)V+151
j  java.awt.Container.dispatchEventImpl(Ljava/awt/AWTEvent;)V+42
j  java.awt.Window.dispatchEventImpl(Ljava/awt/AWTEvent;)V+19
J 544 C1 java.awt.EventQueue.dispatchEventImpl(Ljava/awt/AWTEvent;Ljava/lang/Object;)V (149 bytes) @ 0x02e96edc [0x02e96a90+0x44c]
J 541 C1 java.awt.EventQueue$3.run()Ljava/lang/Void; (60 bytes) @ 0x02e9621c [0x02e961c0+0x5c]
J 540 C1 java.awt.EventQueue$3.run()Ljava/lang/Object; (5 bytes) @ 0x02e95fa0 [0x02e95f80+0x20]
v  ~StubRoutines::call_stub
V  [jvm.dll+0x15b985]
V  [jvm.dll+0x22262e]
V  [jvm.dll+0x15ba1e]
V  [jvm.dll+0x10bbaf]
C  [java.dll+0x102f]
J 625 C1 java.awt.EventQueue$4.run()Ljava/lang/Object; (5 bytes) @ 0x02eada98 [0x02ead9d0+0xc8]
v  ~StubRoutines::call_stub
V  [jvm.dll+0x15b985]
V  [jvm.dll+0x22262e]
V  [jvm.dll+0x15ba1e]
V  [jvm.dll+0x10bbaf]
C  [java.dll+0x102f]
J 536 C1 java.awt.EventQueue.dispatchEvent(Ljava/awt/AWTEvent;)V (80 bytes) @ 0x02e94c1c [0x02e948c0+0x35c]
J 550 C1 java.awt.EventDispatchThread.pumpOneEventForFilters(I)V (190 bytes) @ 0x02e99a98 [0x02e996a0+0x3f8]
j  java.awt.EventDispatchThread.pumpEventsForFilter(ILjava/awt/Conditional;Ljava/awt/EventFilter;)V+35
j  java.awt.EventDispatchThread.pumpEventsForHierarchy(ILjava/awt/Conditional;Ljava/awt/Component;)V+11
j  java.awt.EventDispatchThread.pumpEvents(ILjava/awt/Conditional;)V+4
j  java.awt.EventDispatchThread.pumpEvents(Ljava/awt/Conditional;)V+3
j  java.awt.EventDispatchThread.run()V+9
v  ~StubRoutines::call_stub
...<more frames>...

Java frames: (J=compiled Java code, j=interpreted, Vv=VM code)
j  bemajava.Bematech.ProgramaOperador(Ljava/lang/String;)I+0
j  view.JanelaEmitirNotaFiscal.fiscal()V+5
j  view.JanelaEmitirNotaFiscal.jButtonCadastrarActionPerformed(Ljava/awt/event/ActionEvent;)V+9
j  view.JanelaEmitirNotaFiscal.access$500(Lview/JanelaEmitirNotaFiscal;Ljava/awt/event/ActionEvent;)V+2
j  view.JanelaEmitirNotaFiscal$6.actionPerformed(Ljava/awt/event/ActionEvent;)V+5
j  javax.swing.AbstractButton.fireActionPerformed(Ljava/awt/event/ActionEvent;)V+83
j  javax.swing.AbstractButton$Handler.actionPerformed(Ljava/awt/event/ActionEvent;)V+5
j  javax.swing.DefaultButtonModel.fireActionPerformed(Ljava/awt/event/ActionEvent;)V+34
j  javax.swing.DefaultButtonModel.setPressed(Z)V+117
j  javax.swing.plaf.basic.BasicButtonListener.mouseReleased(Ljava/awt/event/MouseEvent;)V+35
j  java.awt.Component.processMouseEvent(Ljava/awt/event/MouseEvent;)V+64
j  javax.swing.JComponent.processMouseEvent(Ljava/awt/event/MouseEvent;)V+23
j  java.awt.Component.processEvent(Ljava/awt/AWTEvent;)V+81
j  java.awt.Container.processEvent(Ljava/awt/AWTEvent;)V+18
j  java.awt.Component.dispatchEventImpl(Ljava/awt/AWTEvent;)V+589
J 691 C1 java.awt.Container.dispatchEventImpl(Ljava/awt/AWTEvent;)V (129 bytes) @ 0x02ebebfc [0x02ebeba0+0x5c]
J 440 C1 java.awt.LightweightDispatcher.retargetMouseEvent(Ljava/awt/Component;ILjava/awt/event/MouseEvent;)V (350 bytes) @ 0x02e7a060 [0x02e79990+0x6d0]
j  java.awt.LightweightDispatcher.processMouseEvent(Ljava/awt/event/MouseEvent;)Z+155
j  java.awt.LightweightDispatcher.dispatchEvent(Ljava/awt/AWTEvent;)Z+50
J 691 C1 java.awt.Container.dispatchEventImpl(Ljava/awt/AWTEvent;)V (129 bytes) @ 0x02ebebe0 [0x02ebeba0+0x40]
j  java.awt.Window.dispatchEventImpl(Ljava/awt/AWTEvent;)V+19
J 544 C1 java.awt.EventQueue.dispatchEventImpl(Ljava/awt/AWTEvent;Ljava/lang/Object;)V (149 bytes) @ 0x02e96edc [0x02e96a90+0x44c]
J 541 C1 java.awt.EventQueue$3.run()Ljava/lang/Void; (60 bytes) @ 0x02e9621c [0x02e961c0+0x5c]
J 540 C1 java.awt.EventQueue$3.run()Ljava/lang/Object; (5 bytes) @ 0x02e95fa0 [0x02e95f80+0x20]
v  ~StubRoutines::call_stub
J 512  java.security.AccessController.doPrivileged(Ljava/security/PrivilegedAction;Ljava/security/AccessControlContext;)Ljava/lang/Object; (0 bytes) @ 0x02e8fc07 [0x02e8fba0+0x67]
J 625 C1 java.awt.EventQueue$4.run()Ljava/lang/Object; (5 bytes) @ 0x02eada98 [0x02ead9d0+0xc8]
v  ~StubRoutines::call_stub
J 512  java.security.AccessController.doPrivileged(Ljava/security/PrivilegedAction;Ljava/security/AccessControlContext;)Ljava/lang/Object; (0 bytes) @ 0x02e8fc07 [0x02e8fba0+0x67]
J 536 C1 java.awt.EventQueue.dispatchEvent(Ljava/awt/AWTEvent;)V (80 bytes) @ 0x02e94c1c [0x02e948c0+0x35c]
J 550 C1 java.awt.EventDispatchThread.pumpOneEventForFilters(I)V (190 bytes) @ 0x02e99a98 [0x02e996a0+0x3f8]
j  java.awt.EventDispatchThread.pumpEventsForFilter(ILjava/awt/Conditional;Ljava/awt/EventFilter;)V+35
j  java.awt.EventDispatchThread.pumpEventsForFilter(Ljava/awt/Conditional;Ljava/awt/EventFilter;)V+4
j  java.awt.WaitDispatchSupport$2.run()V+59
j  java.awt.WaitDispatchSupport$4.run()Ljava/lang/Void;+4
j  java.awt.WaitDispatchSupport$4.run()Ljava/lang/Object;+1
v  ~StubRoutines::call_stub
j  java.security.AccessController.doPrivileged(Ljava/security/PrivilegedAction;)Ljava/lang/Object;+0
j  java.awt.WaitDispatchSupport.enter()Z+325
j  java.awt.Dialog.show()V+233
j  java.awt.Component.show(Z)V+5
j  java.awt.Component.setVisible(Z)V+2
j  java.awt.Window.setVisible(Z)V+2
j  java.awt.Dialog.setVisible(Z)V+2
j  view.JanelaRealizaVenda.inserirProduto()V+97
j  view.JanelaRealizaVenda.jFormattedTextFieldQtdeKeyPressed(Ljava/awt/event/KeyEvent;)V+26
j  view.JanelaRealizaVenda.access$300(Lview/JanelaRealizaVenda;Ljava/awt/event/KeyEvent;)V+2
j  view.JanelaRealizaVenda$4.keyPressed(Ljava/awt/event/KeyEvent;)V+5
j  java.awt.Component.processKeyEvent(Ljava/awt/event/KeyEvent;)V+52
j  javax.swing.JComponent.processKeyEvent(Ljava/awt/event/KeyEvent;)V+2
j  java.awt.Component.processEvent(Ljava/awt/AWTEvent;)V+121
j  java.awt.Container.processEvent(Ljava/awt/AWTEvent;)V+18
j  java.awt.Component.dispatchEventImpl(Ljava/awt/AWTEvent;)V+589
j  java.awt.Container.dispatchEventImpl(Ljava/awt/AWTEvent;)V+42
j  java.awt.Component.dispatchEvent(Ljava/awt/AWTEvent;)V+2
j  java.awt.KeyboardFocusManager.redispatchEvent(Ljava/awt/Component;Ljava/awt/AWTEvent;)V+7
j  java.awt.DefaultKeyboardFocusManager.dispatchKeyEvent(Ljava/awt/event/KeyEvent;)Z+63
j  java.awt.DefaultKeyboardFocusManager.preDispatchKeyEvent(Ljava/awt/event/KeyEvent;)Z+137
j  java.awt.DefaultKeyboardFocusManager.typeAheadAssertions(Ljava/awt/Component;Ljava/awt/AWTEvent;)Z+166
j  java.awt.DefaultKeyboardFocusManager.dispatchEvent(Ljava/awt/AWTEvent;)Z+1632
j  java.awt.Component.dispatchEventImpl(Ljava/awt/AWTEvent;)V+151
j  java.awt.Container.dispatchEventImpl(Ljava/awt/AWTEvent;)V+42
j  java.awt.Window.dispatchEventImpl(Ljava/awt/AWTEvent;)V+19
J 544 C1 java.awt.EventQueue.dispatchEventImpl(Ljava/awt/AWTEvent;Ljava/lang/Object;)V (149 bytes) @ 0x02e96edc [0x02e96a90+0x44c]
J 541 C1 java.awt.EventQueue$3.run()Ljava/lang/Void; (60 bytes) @ 0x02e9621c [0x02e961c0+0x5c]
J 540 C1 java.awt.EventQueue$3.run()Ljava/lang/Object; (5 bytes) @ 0x02e95fa0 [0x02e95f80+0x20]
v  ~StubRoutines::call_stub
J 512  java.security.AccessController.doPrivileged(Ljava/security/PrivilegedAction;Ljava/security/AccessControlContext;)Ljava/lang/Object; (0 bytes) @ 0x02e8fc07 [0x02e8fba0+0x67]
J 625 C1 java.awt.EventQueue$4.run()Ljava/lang/Object; (5 bytes) @ 0x02eada98 [0x02ead9d0+0xc8]
v  ~StubRoutines::call_stub
J 512  java.security.AccessController.doPrivileged(Ljava/security/PrivilegedAction;Ljava/security/AccessControlContext;)Ljava/lang/Object; (0 bytes) @ 0x02e8fc07 [0x02e8fba0+0x67]
J 536 C1 java.awt.EventQueue.dispatchEvent(Ljava/awt/AWTEvent;)V (80 bytes) @ 0x02e94c1c [0x02e948c0+0x35c]
J 550 C1 java.awt.EventDispatchThread.pumpOneEventForFilters(I)V (190 bytes) @ 0x02e99a98 [0x02e996a0+0x3f8]
j  java.awt.EventDispatchThread.pumpEventsForFilter(ILjava/awt/Conditional;Ljava/awt/EventFilter;)V+35
j  java.awt.EventDispatchThread.pumpEventsForHierarchy(ILjava/awt/Conditional;Ljava/awt/Component;)V+11
j  java.awt.EventDispatchThread.pumpEvents(ILjava/awt/Conditional;)V+4
j  java.awt.EventDispatchThread.pumpEvents(Ljava/awt/Conditional;)V+3
j  java.awt.EventDispatchThread.run()V+9
v  ~StubRoutines::call_stub

---------------  P R O C E S S  ---------------

Java Threads: ( => current thread )
  0x176e8800 JavaThread "TimerQueue" daemon [_thread_blocked, id=3760, stack(0x16340000,0x16390000)]
  0x175b8c00 JavaThread "Abandoned connection cleanup thread" daemon [_thread_blocked, id=4796, stack(0x15ff0000,0x16040000)]
  0x02b5cc00 JavaThread "DestroyJavaVM" [_thread_blocked, id=10088, stack(0x01170000,0x011c0000)]
=>0x15808c00 JavaThread "AWT-EventQueue-0" [_thread_in_vm, id=10028, stack(0x15c40000,0x15c90000)]
  0x157dd800 JavaThread "AWT-Windows" daemon [_thread_in_native, id=7264, stack(0x15b90000,0x15be0000)]
  0x157dcc00 JavaThread "AWT-Shutdown" [_thread_blocked, id=6628, stack(0x15b00000,0x15b50000)]
  0x157dc000 JavaThread "Java2D Disposer" daemon [_thread_blocked, id=7636, stack(0x15a70000,0x15ac0000)]
  0x02cd2400 JavaThread "Service Thread" daemon [_thread_blocked, id=5944, stack(0x15640000,0x15690000)]
  0x02cd0c00 JavaThread "C1 CompilerThread0" daemon [_thread_blocked, id=4092, stack(0x155b0000,0x15600000)]
  0x02ccfc00 JavaThread "Attach Listener" daemon [_thread_blocked, id=6048, stack(0x15520000,0x15570000)]
  0x02ccdc00 JavaThread "Signal Dispatcher" daemon [_thread_blocked, id=5984, stack(0x15490000,0x154e0000)]
  0x02cc4800 JavaThread "Finalizer" daemon [_thread_blocked, id=9576, stack(0x152f0000,0x15340000)]
  0x02c66c00 JavaThread "Reference Handler" daemon [_thread_blocked, id=3276, stack(0x15260000,0x152b0000)]

Other Threads:
  0x02c63c00 VMThread [stack: 0x04d40000,0x04d90000] [id=4512]
  0x02cfe400 WatcherThread [stack: 0x156d0000,0x15720000] [id=9652]

VM state:not at safepoint (normal execution)

VM Mutex/Monitor currently owned by a thread: None

Heap:
 def new generation   total 4928K, used 3674K [0x04e00000, 0x05350000, 0x0a350000)
  eden space 4416K,  73% used [0x04e00000, 0x0512db48, 0x05250000)
  from space 512K,  81% used [0x05250000, 0x052b8eb8, 0x052d0000)
  to   space 512K,   0% used [0x052d0000, 0x052d0000, 0x05350000)
 tenured generation   total 10944K, used 10866K [0x0a350000, 0x0ae00000, 0x14e00000)
   the space 10944K,  99% used [0x0a350000, 0x0adec988, 0x0adeca00, 0x0ae00000)
 Metaspace       used 2587K, capacity 3805K, committed 3904K, reserved 4480K

Card table byte_map: [0x02b60000,0x02bf0000] byte_map_base: 0x02b39000

Polling page: 0x00fb0000

CodeCache: size=32768Kb used=1578Kb max_used=1578Kb free=31189Kb
 bounds [0x02d40000, 0x02ed0000, 0x04d40000]
 total_blobs=970 nmethods=718 adapters=182
 compilation: enabled

Compilation events (10 events):
Event: 17.637 Thread 0x02cd0c00  718             javax.swing.SwingUtilities::getWindowAncestor (31 bytes)
Event: 17.637 Thread 0x02cd0c00 nmethod 718 0x02ec91c8 code [0x02ec92e0, 0x02ec93f8]
Event: 17.687 Thread 0x02cd0c00  719             java.util.WeakHashMap::getTable (9 bytes)
Event: 17.687 Thread 0x02cd0c00 nmethod 719 0x02ec9608 code [0x02ec9700, 0x02ec979c]
Event: 17.687 Thread 0x02cd0c00  720             java.util.Arrays::copyOf (19 bytes)
Event: 17.687 Thread 0x02cd0c00 nmethod 720 0x02ec9808 code [0x02ec9910, 0x02ec9a7c]
Event: 17.687 Thread 0x02cd0c00  721             java.util.WeakHashMap::maskNull (12 bytes)
Event: 17.687 Thread 0x02cd0c00 nmethod 721 0x02ec9b48 code [0x02ec9c40, 0x02ec9cc0]
Event: 17.687 Thread 0x02cd0c00  722             java.util.WeakHashMap::hash (28 bytes)
Event: 17.687 Thread 0x02cd0c00 nmethod 722 0x02ec9d08 code [0x02ec9e10, 0x02ec9ebc]

GC Heap History (10 events):
Event: 0.642 GC heap before
{Heap before GC invocations=1 (full 0):
 def new generation   total 4928K, used 4928K [0x04e00000, 0x05350000, 0x0a350000)
  eden space 4416K, 100% used [0x04e00000, 0x05250000, 0x05250000)
  from space 512K, 100% used [0x052d0000, 0x05350000, 0x05350000)
  to   space 512K,   0% used [0x05250000, 0x05250000, 0x052d0000)
 tenured generation   total 10944K, used 1036K [0x0a350000, 0x0ae00000, 0x14e00000)
   the space 10944K,   9% used [0x0a350000, 0x0a4533b0, 0x0a453400, 0x0ae00000)
 Metaspace       used 1596K, capacity 3133K, committed 3136K, reserved 4480K
Event: 0.648 GC heap after
Heap after GC invocations=2 (full 0):
 def new generation   total 4928K, used 512K [0x04e00000, 0x05350000, 0x0a350000)
  eden space 4416K,   0% used [0x04e00000, 0x04e00000, 0x05250000)
  from space 512K, 100% used [0x05250000, 0x052d0000, 0x052d0000)
  to   space 512K,   0% used [0x052d0000, 0x052d0000, 0x05350000)
 tenured generation   total 10944K, used 2262K [0x0a350000, 0x0ae00000, 0x14e00000)
   the space 10944K,  20% used [0x0a350000, 0x0a585ab0, 0x0a585c00, 0x0ae00000)
 Metaspace       used 1596K, capacity 3133K, committed 3136K, reserved 4480K
}
Event: 0.905 GC heap before
{Heap before GC invocations=2 (full 0):
 def new generation   total 4928K, used 3727K [0x04e00000, 0x05350000, 0x0a350000)
  eden space 4416K,  72% used [0x04e00000, 0x05123e00, 0x05250000)
  from space 512K, 100% used [0x05250000, 0x052d0000, 0x052d0000)
  to   space 512K,   0% used [0x052d0000, 0x052d0000, 0x05350000)
 tenured generation   total 10944K, used 2262K [0x0a350000, 0x0ae00000, 0x14e00000)
   the space 10944K,  20% used [0x0a350000, 0x0a585ab0, 0x0a585c00, 0x0ae00000)
 Metaspace       used 2306K, capacity 3741K, committed 3776K, reserved 4480K
Event: 0.910 GC heap after
Heap after GC invocations=3 (full 0):
 def new generation   total 4928K, used 512K [0x04e00000, 0x05350000, 0x0a350000)
  eden space 4416K,   0% used [0x04e00000, 0x04e00000, 0x05250000)
  from space 512K, 100% used [0x052d0000, 0x05350000, 0x05350000)
  to   space 512K,   0% used [0x05250000, 0x05250000, 0x052d0000)
 tenured generation   total 10944K, used 3148K [0x0a350000, 0x0ae00000, 0x14e00000)
   the space 10944K,  28% used [0x0a350000, 0x0a6631b0, 0x0a663200, 0x0ae00000)
 Metaspace       used 2306K, capacity 3741K, committed 3776K, reserved 4480K
}
Event: 0.953 GC heap before
{Heap before GC invocations=3 (full 0):
 def new generation   total 4928K, used 4231K [0x04e00000, 0x05350000, 0x0a350000)
  eden space 4416K,  84% used [0x04e00000, 0x051a1d50, 0x05250000)
  from space 512K, 100% used [0x052d0000, 0x05350000, 0x05350000)
  to   space 512K,   0% used [0x05250000, 0x05250000, 0x052d0000)
 tenured generation   total 10944K, used 3148K [0x0a350000, 0x0ae00000, 0x14e00000)
   the space 10944K,  28% used [0x0a350000, 0x0a6631b0, 0x0a663200, 0x0ae00000)
 Metaspace       used 2325K, capacity 3741K, committed 3776K, reserved 4480K
Event: 0.958 GC heap after
Heap after GC invocations=4 (full 0):
 def new generation   total 4928K, used 56K [0x04e00000, 0x05350000, 0x0a350000)
  eden space 4416K,   0% used [0x04e00000, 0x04e00000, 0x05250000)
  from space 512K,  11% used [0x05250000, 0x0525e3e8, 0x052d0000)
  to   space 512K,   0% used [0x052d0000, 0x052d0000, 0x05350000)
 tenured generation   total 10944K, used 7104K [0x0a350000, 0x0ae00000, 0x14e00000)
   the space 10944K,  64% used [0x0a350000, 0x0aa40220, 0x0aa40400, 0x0ae00000)
 Metaspace       used 2325K, capacity 3741K, committed 3776K, reserved 4480K
}
Event: 2.599 GC heap before
{Heap before GC invocations=4 (full 0):
 def new generation   total 4928K, used 4439K [0x04e00000, 0x05350000, 0x0a350000)
  eden space 4416K,  99% used [0x04e00000, 0x052479d8, 0x05250000)
  from space 512K,  11% used [0x05250000, 0x0525e3e8, 0x052d0000)
  to   space 512K,   0% used [0x052d0000, 0x052d0000, 0x05350000)
 tenured generation   total 10944K, used 7104K [0x0a350000, 0x0ae00000, 0x14e00000)
   the space 10944K,  64% used [0x0a350000, 0x0aa40220, 0x0aa40400, 0x0ae00000)
 Metaspace       used 2409K, capacity 3741K, committed 3776K, reserved 4480K
Event: 2.602 GC heap after
Heap after GC invocations=5 (full 0):
 def new generation   total 4928K, used 150K [0x04e00000, 0x05350000, 0x0a350000)
  eden space 4416K,   0% used [0x04e00000, 0x04e00000, 0x05250000)
  from space 512K,  29% used [0x052d0000, 0x052f5a78, 0x05350000)
  to   space 512K,   0% used [0x05250000, 0x05250000, 0x052d0000)
 tenured generation   total 10944K, used 10866K [0x0a350000, 0x0ae00000, 0x14e00000)
   the space 10944K,  99% used [0x0a350000, 0x0adec988, 0x0adeca00, 0x0ae00000)
 Metaspace       used 2409K, capacity 3741K, committed 3776K, reserved 4480K
}
Event: 14.509 GC heap before
{Heap before GC invocations=5 (full 0):
 def new generation   total 4928K, used 4566K [0x04e00000, 0x05350000, 0x0a350000)
  eden space 4416K, 100% used [0x04e00000, 0x05250000, 0x05250000)
  from space 512K,  29% used [0x052d0000, 0x052f5a78, 0x05350000)
  to   space 512K,   0% used [0x05250000, 0x05250000, 0x052d0000)
 tenured generation   total 10944K, used 10866K [0x0a350000, 0x0ae00000, 0x14e00000)
   the space 10944K,  99% used [0x0a350000, 0x0adec988, 0x0adeca00, 0x0ae00000)
 Metaspace       used 2466K, capacity 3741K, committed 3776K, reserved 4480K
Event: 14.510 GC heap after
Heap after GC invocations=6 (full 0):
 def new generation   total 4928K, used 419K [0x04e00000, 0x05350000, 0x0a350000)
  eden space 4416K,   0% used [0x04e00000, 0x04e00000, 0x05250000)
  from space 512K,  81% used [0x05250000, 0x052b8eb8, 0x052d0000)
  to   space 512K,   0% used [0x052d0000, 0x052d0000, 0x05350000)
 tenured generation   total 10944K, used 10866K [0x0a350000, 0x0ae00000, 0x14e00000)
   the space 10944K,  99% used [0x0a350000, 0x0adec988, 0x0adeca00, 0x0ae00000)
 Metaspace       used 2466K, capacity 3741K, committed 3776K, reserved 4480K
}

Deoptimization events (0 events):
No events

Classes redefined (0 events):
No events

Internal exceptions (10 events):
Event: 0.033 Thread 0x02b5cc00 Exception <a 'java/lang/NoSuchMethodError': Method sun.misc.Unsafe.defineClass(Ljava/lang/String;[BII)Ljava/lang/Class; name or signature does not match> (0x04e079d0) thrown at [C:\re\workspace\8-2-build-windows-i586-cygwin\jdk8u171\10807\hotspot\src\shar
Event: 0.033 Thread 0x02b5cc00 Exception <a 'java/lang/NoSuchMethodError': Method sun.misc.Unsafe.prefetchRead(Ljava/lang/Object;J)V name or signature does not match> (0x04e07ca0) thrown at [C:\re\workspace\8-2-build-windows-i586-cygwin\jdk8u171\10807\hotspot\src\share\vm\prims\jni.cpp
Event: 0.127 Thread 0x02b5cc00 Exception <a 'java/security/PrivilegedActionException'> (0x04eb9538) thrown at [C:\re\workspace\8-2-build-windows-i586-cygwin\jdk8u171\10807\hotspot\src\share\vm\prims\jvm.cpp, line 1435]
Event: 0.127 Thread 0x02b5cc00 Exception <a 'java/security/PrivilegedActionException'> (0x04eb9738) thrown at [C:\re\workspace\8-2-build-windows-i586-cygwin\jdk8u171\10807\hotspot\src\share\vm\prims\jvm.cpp, line 1435]
Event: 0.128 Thread 0x02b5cc00 Exception <a 'java/security/PrivilegedActionException'> (0x04ebd810) thrown at [C:\re\workspace\8-2-build-windows-i586-cygwin\jdk8u171\10807\hotspot\src\share\vm\prims\jvm.cpp, line 1435]
Event: 0.128 Thread 0x02b5cc00 Exception <a 'java/security/PrivilegedActionException'> (0x04ebda10) thrown at [C:\re\workspace\8-2-build-windows-i586-cygwin\jdk8u171\10807\hotspot\src\share\vm\prims\jvm.cpp, line 1435]
Event: 0.134 Thread 0x02b5cc00 Exception <a 'java/io/FileNotFoundException'> (0x04ec32d0) thrown at [C:\re\workspace\8-2-build-windows-i586-cygwin\jdk8u171\10807\hotspot\src\share\vm\prims\jni.cpp, line 709]
Event: 0.179 Thread 0x02b5cc00 Exception <a 'java/lang/NoSuchFieldError': method resolution failed> (0x04f818d0) thrown at [C:\re\workspace\8-2-build-windows-i586-cygwin\jdk8u171\10807\hotspot\src\share\vm\prims\methodHandles.cpp, line 1167]
Event: 0.182 Thread 0x02b5cc00 Exception <a 'java/lang/NoSuchFieldError': method resolution failed> (0x04f8da00) thrown at [C:\re\workspace\8-2-build-windows-i586-cygwin\jdk8u171\10807\hotspot\src\share\vm\prims\methodHandles.cpp, line 1167]
Event: 0.228 Thread 0x02b5cc00 Exception <a 'java/io/FileNotFoundException'> (0x05073cd0) thrown at [C:\re\workspace\8-2-build-windows-i586-cygwin\jdk8u171\10807\hotspot\src\share\vm\prims\jni.cpp, line 709]

Events (10 events):
Event: 14.784 loading class com/sun/java/swing/plaf/windows/WindowsButtonUI$1
Event: 14.785 loading class com/sun/java/swing/plaf/windows/WindowsButtonUI$1 done
Event: 16.758 loading class java/awt/event/MouseWheelEvent
Event: 16.758 loading class java/awt/event/MouseWheelEvent done
Event: 17.685 loading class model/dao/ClienteDAO
Event: 17.685 loading class model/dao/ClienteDAO done
Event: 17.686 loading class view/JanelaRealizaVenda$StructureRealizarVenda
Event: 17.686 loading class view/JanelaRealizaVenda$StructureRealizarVenda done
Event: 17.687 loading class bemajava/Bematech
Event: 17.687 loading class bemajava/Bematech done


Dynamic libraries:
0x00fc0000 - 0x00ff3000 	C:\Program Files (x86)\Java\jdk1.8.0_171\bin\java.exe
0x77cc0000 - 0x77e50000 	C:\WINDOWS\SYSTEM32\ntdll.dll
0x74840000 - 0x74920000 	C:\WINDOWS\System32\KERNEL32.DLL
0x74600000 - 0x747e4000 	C:\WINDOWS\System32\KERNELBASE.dll
0x68ec0000 - 0x68f5d000 	C:\WINDOWS\SYSTEM32\apphelp.dll
0x75810000 - 0x75888000 	C:\WINDOWS\System32\ADVAPI32.dll
0x755e0000 - 0x7569f000 	C:\WINDOWS\System32\msvcrt.dll
0x745b0000 - 0x745f4000 	C:\WINDOWS\System32\sechost.dll
0x75270000 - 0x75330000 	C:\WINDOWS\System32\RPCRT4.dll
0x74580000 - 0x745a0000 	C:\WINDOWS\System32\SspiCli.dll
0x74570000 - 0x7457a000 	C:\WINDOWS\System32\CRYPTBASE.dll
0x74ba0000 - 0x74bf8000 	C:\WINDOWS\System32\bcryptPrimitives.dll
0x77890000 - 0x77a1d000 	C:\WINDOWS\System32\USER32.dll
0x77bb0000 - 0x77bc7000 	C:\WINDOWS\System32\win32u.dll
0x77500000 - 0x77522000 	C:\WINDOWS\System32\GDI32.dll
0x77a20000 - 0x77b84000 	C:\WINDOWS\System32\gdi32full.dll
0x751f0000 - 0x7526d000 	C:\WINDOWS\System32\msvcp_win.dll
0x74a80000 - 0x74b9e000 	C:\WINDOWS\System32\ucrtbase.dll
0x6f2f0000 - 0x6f4f4000 	C:\WINDOWS\WinSxS\x86_microsoft.windows.common-controls_6595b64144ccf1df_6.0.17134.165_none_42efcd1c44e192b2\COMCTL32.dll
0x75380000 - 0x755dc000 	C:\WINDOWS\System32\combase.dll
0x74c00000 - 0x74c26000 	C:\WINDOWS\System32\IMM32.DLL
0x68d70000 - 0x68e2f000 	C:\Program Files (x86)\Java\jdk1.8.0_171\jre\bin\msvcr100.dll
0x683e0000 - 0x687b1000 	C:\Program Files (x86)\Java\jdk1.8.0_171\jre\bin\client\jvm.dll
0x756f0000 - 0x756f6000 	C:\WINDOWS\System32\PSAPI.DLL
0x74560000 - 0x74568000 	C:\WINDOWS\SYSTEM32\WSOCK32.dll
0x77670000 - 0x776d7000 	C:\WINDOWS\System32\WS2_32.dll
0x6f610000 - 0x6f634000 	C:\WINDOWS\SYSTEM32\WINMM.dll
0x74500000 - 0x74508000 	C:\WINDOWS\SYSTEM32\VERSION.dll
0x6f5a0000 - 0x6f5c3000 	C:\WINDOWS\SYSTEM32\WINMMBASE.dll
0x74800000 - 0x74839000 	C:\WINDOWS\System32\cfgmgr32.dll
0x6f680000 - 0x6f68c000 	C:\Program Files (x86)\Java\jdk1.8.0_171\jre\bin\verify.dll
0x68d10000 - 0x68d32000 	C:\Program Files (x86)\Java\jdk1.8.0_171\jre\bin\java.dll
0x68cf0000 - 0x68d04000 	C:\Program Files (x86)\Java\jdk1.8.0_171\jre\bin\zip.dll
0x76060000 - 0x773aa000 	C:\WINDOWS\System32\SHELL32.dll
0x75890000 - 0x75918000 	C:\WINDOWS\System32\shcore.dll
0x74c30000 - 0x751ea000 	C:\WINDOWS\System32\windows.storage.dll
0x757c0000 - 0x75805000 	C:\WINDOWS\System32\shlwapi.dll
0x74a70000 - 0x74a7f000 	C:\WINDOWS\System32\kernel.appcore.dll
0x77870000 - 0x77888000 	C:\WINDOWS\System32\profapi.dll
0x756a0000 - 0x756e5000 	C:\WINDOWS\System32\powrprof.dll
0x745a0000 - 0x745a8000 	C:\WINDOWS\System32\FLTLIB.DLL
0x68270000 - 0x683b5000 	C:\Program Files (x86)\Java\jdk1.8.0_171\jre\bin\awt.dll
0x775d0000 - 0x77666000 	C:\WINDOWS\System32\OLEAUT32.dll
0x6e870000 - 0x6e8ec000 	C:\WINDOWS\system32\uxtheme.dll
0x74920000 - 0x74a64000 	C:\WINDOWS\System32\MSCTF.dll
0x6f5d0000 - 0x6f5f3000 	C:\WINDOWS\system32\dwmapi.dll
0x77770000 - 0x7786c000 	C:\WINDOWS\System32\ole32.dll
0x65c50000 - 0x65d29000 	C:\WINDOWS\system32\opengl32.dll
0x68050000 - 0x6808f000 	C:\WINDOWS\SYSTEM32\GLU32.dll
0x680f0000 - 0x68129000 	C:\Program Files (x86)\Java\jdk1.8.0_171\jre\bin\fontmanager.dll
0x683c0000 - 0x683d5000 	C:\Program Files (x86)\Java\jdk1.8.0_171\jre\bin\net.dll
0x73f60000 - 0x73fb6000 	C:\WINDOWS\system32\mswsock.dll
0x6cf80000 - 0x6cf8f000 	C:\Program Files (x86)\Java\jdk1.8.0_171\jre\bin\nio.dll
0x776e0000 - 0x77763000 	C:\WINDOWS\System32\clbcatq.dll
0x6bce0000 - 0x6be51000 	C:\WINDOWS\SYSTEM32\WindowsCodecs.dll
0x6bbf0000 - 0x6bc3f000 	C:\WINDOWS\system32\dataexchange.dll
0x6c660000 - 0x6c8b2000 	C:\WINDOWS\system32\d3d11.dll
0x6bab0000 - 0x6bbec000 	C:\WINDOWS\system32\dcomp.dll
0x6cfd0000 - 0x6d068000 	C:\WINDOWS\system32\dxgi.dll
0x68b80000 - 0x68ce5000 	C:\WINDOWS\system32\twinapi.appcore.dll
0x6e140000 - 0x6e15a000 	C:\WINDOWS\system32\RMCLIENT.dll
0x67f70000 - 0x67fa2000 	C:\Program Files (x86)\Java\jdk1.8.0_171\jre\bin\t2k.dll
0x71370000 - 0x713fe000 	C:\WINDOWS\SYSTEM32\DNSAPI.dll
0x77530000 - 0x77537000 	C:\WINDOWS\System32\NSI.dll
0x73480000 - 0x734b0000 	C:\WINDOWS\SYSTEM32\IPHLPAPI.DLL
0x71350000 - 0x71358000 	C:\Windows\System32\rasadhlp.dll
0x71830000 - 0x7187f000 	C:\WINDOWS\System32\fwpuclnt.dll
0x729b0000 - 0x729c9000 	C:\WINDOWS\SYSTEM32\bcrypt.dll
0x6e3c0000 - 0x6e43e000 	C:\WINDOWS\System32\TextInputFramework.dll
0x6db20000 - 0x6dd7d000 	C:\WINDOWS\System32\CoreUIComponents.dll
0x6e330000 - 0x6e3bb000 	C:\WINDOWS\System32\CoreMessaging.dll
0x73d60000 - 0x73d89000 	C:\WINDOWS\SYSTEM32\ntmarta.dll
0x6e1c0000 - 0x6e296000 	C:\WINDOWS\SYSTEM32\wintypes.dll
0x60410000 - 0x606ee000 	C:\Windows\System32\BemaFI32.dll
0x6d070000 - 0x6d1f2000 	C:\WINDOWS\SYSTEM32\dbghelp.dll

VM Arguments:
jvm_args: -Dfile.encoding=UTF-8 
java_command: view.JanelaRealizaVenda
java_class_path (initial): C:\Program Files\NetBeans 8.2\ide\modules\ext\mysql-connector-java-5.1.23-bin.jar;C:\Users\gabri\OneDrive\Música\Documentos\NetBeansProjects\EasySistemTelas\src\fiscal\Bematech.jar;C:\Users\gabri\OneDrive\Música\Documentos\NetBeansProjects\EasySistemTelas\build\classes
Launcher Type: SUN_STANDARD

Environment Variables:
JAVA_HOME=C:\Program Files\Java\jdk1.8.0_161
PATH=C:\Program Files (x86)\Common Files\Oracle\Java\javapath;C:\ProgramData\Oracle\Java\javapath;C:\WINDOWS\system32;C:\WINDOWS;C:\WINDOWS\System32\Wbem;C:\WINDOWS\System32\WindowsPowerShell\v1.0\;C:\Program Files\nodejs\;C:\WINDOWS\System32\OpenSSH\;C:\Users\gabri\AppData\Local\Microsoft\WindowsApps;C:\Users\gabri\AppData\Roaming\npm;C:\Users\gabri\AppData\Local\Android\Sdk\platform-tools;C:\Users\gabri\AppData\Local\GitHubDesktop\bin;C:\xampp\php;C:\Program Files\Microsoft VS Code\bin;C:\Users\gabri\AppData\Local\Microsoft\WindowsApps
USERNAME=gabri
OS=Windows_NT
PROCESSOR_IDENTIFIER=Intel64 Family 6 Model 78 Stepping 3, GenuineIntel



---------------  S Y S T E M  ---------------

OS: Windows 10.0 , 64 bit Build 17134 (10.0.17134.1)

CPU:total 4 (initial active 4) (2 cores per cpu, 2 threads per core) family 6 model 78 stepping 3, cmov, cx8, fxsr, mmx, sse, sse2, sse3, ssse3, sse4.1, sse4.2, popcnt, avx, avx2, aes, clmul, erms, rtm, 3dnowpref, lzcnt, ht, tsc, tscinvbit, bmi1, bmi2, adx

Memory: 4k page, physical 4077804k(1456092k free), swap 6437100k(2789696k free)

vm_info: Java HotSpot(TM) Client VM (25.171-b11) for windows-x86 JRE (1.8.0_171-b11), built on Mar 28 2018 14:51:22 by "java_re" with MS VC++ 10.0 (VS2010)

time: Thu Jul 19 17:28:28 2018
elapsed time: 17 seconds (0d 0h 0m 17s)

